Parsing GTFS feed in 'pl_%C5%81%C3%B3d%C5%BA.gtfs.zip' ... done. (0 trips [0.00%], 0 stop times [0.00%], 0 stops [0.00%], 0 shapes [0.00%], 0 services [0.00%], 0 routes [0.00%], 0 agencies [0.00%], 0 transfers [0.00%], 0 pathways [0.00%], 0 levels [0.00%], 0 fare attributes [0.00%], 0 translations [0.00%] dropped due to errors.)
Removing trips travelling too fast...done. (-0 trips [-0.00%])
Removing unreferenced entries... done. (-0 trips [-0.00%], -0 stops [-0.00%], -0 shapes [-0.00%], -0 services [-0.00%], -11 routes [-8.40%], -0 agencies [-0.00%], -0 transfers [-0.00%])
Reclustering stops... done. (-1008 clusters) [-42.00%]
Removing service duplicates... done. (-0 services [-0.00%])
Minimizing ids... done.
Outputting GTFS feed to 'pl_%C5%81%C3%B3d%C5%BA.gtfs.zip'... done.
Parsing GTFS feed in 'pl_%C5%81%C3%B3dzka-Kolej-Aglomeracyjna.gtfs.zip' ... done. (0 trips [0.00%], 0 stop times [0.00%], 0 stops [0.00%], 0 shapes [0.00%], 0 services [0.00%], 0 routes [0.00%], 0 agencies [0.00%], 0 transfers [0.00%], 0 pathways [0.00%], 0 levels [0.00%], 0 fare attributes [0.00%], 0 translations [0.00%] dropped due to errors.)
Removing trips travelling too fast...done. (-0 trips [-0.00%])
Removing unreferenced entries... done. (-0 trips [-0.00%], -73 stops [-8.81%], -0 shapes [-0.00%], -0 services [-0.00%], -52 routes [-32.10%], -0 agencies [-0.00%], -0 transfers [-0.00%])
Reclustering stops... done. (-205 clusters) [-27.12%]
Removing service duplicates... done. (-85 services [-48.02%])
Minimizing ids... done.
Outputting GTFS feed to 'pl_%C5%81%C3%B3dzka-Kolej-Aglomeracyjna.gtfs.zip'... done.
Parsing GTFS feed in 'pl_%C5%81om%C5%BCa.gtfs.zip' ... done. (0 trips [0.00%], 0 stop times [0.00%], 0 stops [0.00%], 0 shapes [0.00%], 0 services [0.00%], 0 routes [0.00%], 0 agencies [0.00%], 0 transfers [0.00%], 0 pathways [0.00%], 0 levels [0.00%], 0 fare attributes [0.00%], 0 translations [0.00%] dropped due to errors.)
Removing trips travelling too fast...done. (-0 trips [-0.00%])
Removing unreferenced entries... done. (-0 trips [-0.00%], -0 stops [-0.00%], -0 shapes [-0.00%], -0 services [-0.00%], -0 routes [-0.00%], -0 agencies [-0.00%], -0 transfers [-0.00%])
Reclustering stops... done. (-0 clusters) [-0.00%]
Removing service duplicates... done. (-0 services [-0.00%])
Minimizing ids... done.
Outputting GTFS feed to 'pl_%C5%81om%C5%BCa.gtfs.zip'... done.
Parsing GTFS feed in 'pl_%C5%9Awiecie.gtfs.zip' ... done. (0 trips [0.00%], 0 stop times [0.00%], 0 stops [0.00%], 0 shapes [0.00%], 0 services [0.00%], 0 routes [0.00%], 0 agencies [0.00%], 0 transfers [0.00%], 0 pathways [0.00%], 0 levels [0.00%], 0 fare attributes [0.00%], 0 translations [0.00%] dropped due to errors.)
Removing trips travelling too fast...done. (-0 trips [-0.00%])
Removing unreferenced entries... done. (-0 trips [-0.00%], -10 stops [-11.76%], -0 shapes [-0.00%], -0 services [-0.00%], -0 routes [-0.00%], -0 agencies [-0.00%], -0 transfers [-0.00%])
Reclustering stops... done. (-15 clusters) [-20.00%]
Removing service duplicates... done. (-0 services [-0.00%])
Minimizing ids... done.
Outputting GTFS feed to 'pl_%C5%9Awiecie.gtfs.zip'... done.
Parsing GTFS feed in 'pl_%C5%9Awinouj%C5%9Bcie.gtfs.zip' ... done. (0 trips [0.00%], 0 stop times [0.00%], 0 stops [0.00%], 0 shapes [0.00%], 0 services [0.00%], 0 routes [0.00%], 0 agencies [0.00%], 0 transfers [0.00%], 0 pathways [0.00%], 0 levels [0.00%], 0 fare attributes [0.00%], 0 translations [0.00%] dropped due to errors.)
Removing trips travelling too fast...done. (-0 trips [-0.00%])
Removing unreferenced entries... done. (-0 trips [-0.00%], -0 stops [-0.00%], -0 shapes [-0.00%], -0 services [-0.00%], -0 routes [-0.00%], -0 agencies [-0.00%], -0 transfers [-0.00%])
Reclustering stops... done. (-2 clusters) [-0.96%]
Removing service duplicates... done. (-0 services [-0.00%])
Minimizing ids... done.
Outputting GTFS feed to 'pl_%C5%9Awinouj%C5%9Bcie.gtfs.zip'... done.
Parsing GTFS feed in 'pl_%C5%BByrard%C3%B3w.gtfs.zip' ... done. (0 trips [0.00%], 0 stop times [0.00%], 0 stops [0.00%], 0 shapes [0.00%], 0 services [0.00%], 0 routes [0.00%], 0 agencies [0.00%], 0 transfers [0.00%], 0 pathways [0.00%], 0 levels [0.00%], 0 fare attributes [0.00%], 0 translations [0.00%] dropped due to errors.)
Removing trips travelling too fast...done. (-0 trips [-0.00%])
Removing unreferenced entries... done. (-0 trips [-0.00%], -0 stops [-0.00%], -0 shapes [-0.00%], -0 services [-0.00%], -0 routes [-0.00%], -0 agencies [-0.00%], -0 transfers [-0.00%])
Reclustering stops... done. (-0 clusters) [-0.00%]
Removing service duplicates... done. (-0 services [-0.00%])
Minimizing ids... done.
Outputting GTFS feed to 'pl_%C5%BByrard%C3%B3w.gtfs.zip'... done.
Parsing GTFS feed in 'pl_Arriva.gtfs.zip' ... done. (0 trips [0.00%], 0 stop times [0.00%], 0 stops [0.00%], 0 shapes [0.00%], 0 services [0.00%], 0 routes [0.00%], 0 agencies [0.00%], 0 transfers [0.00%], 0 pathways [0.00%], 0 levels [0.00%], 0 fare attributes [0.00%], 0 translations [0.00%] dropped due to errors.)
Removing trips travelling too fast...done. (-0 trips [-0.00%])
Removing unreferenced entries... done. (-0 trips [-0.00%], -0 stops [-0.00%], -0 shapes [-0.00%], -0 services [-0.00%], -0 routes [-0.00%], -0 agencies [-0.00%], -0 transfers [-0.00%])
Reclustering stops... done. (-0 clusters) [-0.00%]
Removing service duplicates... done. (-53 services [-45.30%])
Minimizing ids... done.
Outputting GTFS feed to 'pl_Arriva.gtfs.zip'... done.
Parsing GTFS feed in 'pl_August%C3%B3w.gtfs.zip' ... done. (0 trips [0.00%], 0 stop times [0.00%], 0 stops [0.00%], 0 shapes [0.00%], 0 services [0.00%], 0 routes [0.00%], 0 agencies [0.00%], 0 transfers [0.00%], 0 pathways [0.00%], 0 levels [0.00%], 0 fare attributes [0.00%], 0 translations [0.00%] dropped due to errors.)
Removing trips travelling too fast...done. (-0 trips [-0.00%])
Removing unreferenced entries... done. (-0 trips [-0.00%], -4 stops [-5.71%], -0 shapes [-0.00%], -0 services [-0.00%], -0 routes [-0.00%], -0 agencies [-0.00%], -0 transfers [-0.00%])
Reclustering stops... done. (-0 clusters) [-0.00%]
Removing service duplicates... done. (-0 services [-0.00%])
Minimizing ids... done.
Outputting GTFS feed to 'pl_August%C3%B3w.gtfs.zip'... done.
Parsing GTFS feed in 'pl_Bia%C5%82ystok.gtfs.zip' ... done. (0 trips [0.00%], 0 stop times [0.00%], 0 stops [0.00%], 0 shapes [0.00%], 0 services [0.00%], 0 routes [0.00%], 0 agencies [0.00%], 0 transfers [0.00%], 0 pathways [0.00%], 0 levels [0.00%], 0 fare attributes [0.00%], 0 translations [0.00%] dropped due to errors.)
Removing trips travelling too fast...done. (-0 trips [-0.00%])
Removing unreferenced entries... done. (-0 trips [-0.00%], -47 stops [-4.12%], -0 shapes [-0.00%], -0 services [-0.00%], -0 routes [-0.00%], -0 agencies [-0.00%], -0 transfers [-0.00%])
Reclustering stops... done. (-156 clusters) [-14.26%]
Removing service duplicates... done. (-0 services [-0.00%])
Minimizing ids... done.
Outputting GTFS feed to 'pl_Bia%C5%82ystok.gtfs.zip'... done.
Parsing GTFS feed in 'pl_Bielsk-Podlaski.gtfs.zip' ... done. (0 trips [0.00%], 0 stop times [0.00%], 0 stops [0.00%], 0 shapes [0.00%], 0 services [0.00%], 0 routes [0.00%], 0 agencies [0.00%], 0 transfers [0.00%], 0 pathways [0.00%], 0 levels [0.00%], 0 fare attributes [0.00%], 0 translations [0.00%] dropped due to errors.)
Removing trips travelling too fast...done. (-0 trips [-0.00%])
Removing unreferenced entries... done. (-0 trips [-0.00%], -2 stops [-2.20%], -0 shapes [-0.00%], -0 services [-0.00%], -0 routes [-0.00%], -0 agencies [-0.00%], -0 transfers [-0.00%])
Reclustering stops... done. (-0 clusters) [-0.00%]
Removing service duplicates... done. (-0 services [-0.00%])
Minimizing ids... done.
Outputting GTFS feed to 'pl_Bielsk-Podlaski.gtfs.zip'... done.
Parsing GTFS feed in 'pl_Bielsko-Bia%C5%82a.gtfs.zip' ... done. (0 trips [0.00%], 0 stop times [0.00%], 0 stops [0.00%], 0 shapes [0.00%], 0 services [0.00%], 0 routes [0.00%], 0 agencies [0.00%], 0 transfers [0.00%], 0 pathways [0.00%], 0 levels [0.00%], 0 fare attributes [0.00%], 0 translations [0.00%] dropped due to errors.)
Removing trips travelling too fast...done. (-0 trips [-0.00%])
Removing unreferenced entries... done. (-0 trips [-0.00%], -7 stops [-1.34%], -0 shapes [-0.00%], -0 services [-0.00%], -1 routes [-2.38%], -0 agencies [-0.00%], -0 transfers [-0.00%])
Reclustering stops... done. (-39 clusters) [-7.54%]
Removing service duplicates... done. (-0 services [-0.00%])
Minimizing ids... done.
Outputting GTFS feed to 'pl_Bielsko-Bia%C5%82a.gtfs.zip'... done.
Parsing GTFS feed in 'pl_Bydgoszcz.gtfs.zip' ... done. (0 trips [0.00%], 0 stop times [0.00%], 0 stops [0.00%], 0 shapes [0.00%], 0 services [0.00%], 0 routes [0.00%], 0 agencies [0.00%], 0 transfers [0.00%], 0 pathways [0.00%], 0 levels [0.00%], 0 fare attributes [0.00%], 0 translations [0.00%] dropped due to errors.)
Removing trips travelling too fast...done. (-0 trips [-0.00%])
Removing unreferenced entries... done. (-0 trips [-0.00%], -0 stops [-0.00%], -0 shapes [-0.00%], -0 services [-0.00%], -0 routes [-0.00%], -0 agencies [-0.00%], -0 transfers [-0.00%])
Reclustering stops... done. (-447 clusters) [-38.14%]
Removing service duplicates... done. (-1 services [-10.00%])
Minimizing ids... done.
Outputting GTFS feed to 'pl_Bydgoszcz.gtfs.zip'... done.
Parsing GTFS feed in 'pl_Ciechan%C3%B3w.gtfs.zip' ... done. (0 trips [0.00%], 0 stop times [0.00%], 0 stops [0.00%], 0 shapes [0.00%], 0 services [0.00%], 0 routes [0.00%], 0 agencies [0.00%], 0 transfers [0.00%], 0 pathways [0.00%], 0 levels [0.00%], 0 fare attributes [0.00%], 0 translations [0.00%] dropped due to errors.)
Removing trips travelling too fast...done. (-0 trips [-0.00%])
Removing unreferenced entries... done. (-0 trips [-0.00%], -3 stops [-0.89%], -0 shapes [-0.00%], -0 services [-0.00%], -1 routes [-6.67%], -0 agencies [-0.00%], -0 transfers [-0.00%])
Reclustering stops... done. (-64 clusters) [-19.10%]
Removing service duplicates... done. (-0 services [-0.00%])
Minimizing ids... done.
Outputting GTFS feed to 'pl_Ciechan%C3%B3w.gtfs.zip'... done.
Parsing GTFS feed in 'pl_D%C4%85br%C3%B3wka.gtfs.zip' ... done. (0 trips [0.00%], 0 stop times [0.00%], 0 stops [0.00%], 0 shapes [0.00%], 0 services [0.00%], 0 routes [0.00%], 0 agencies [0.00%], 0 transfers [0.00%], 0 pathways [0.00%], 0 levels [0.00%], 0 fare attributes [0.00%], 0 translations [0.00%] dropped due to errors.)
Removing trips travelling too fast...done. (-0 trips [-0.00%])
Removing unreferenced entries... done. (-0 trips [-0.00%], -0 stops [-0.00%], -0 shapes [-0.00%], -0 services [-0.00%], -0 routes [-0.00%], -0 agencies [-0.00%], -0 transfers [-0.00%])
Reclustering stops... done. (-13 clusters) [-14.94%]
Removing service duplicates... done. (-0 services [-0.00%])
Minimizing ids... done.
Outputting GTFS feed to 'pl_D%C4%85br%C3%B3wka.gtfs.zip'... done.
Parsing GTFS feed in 'pl_E%C5%82k.gtfs.zip' ... done. (0 trips [0.00%], 0 stop times [0.00%], 0 stops [0.00%], 0 shapes [0.00%], 0 services [0.00%], 0 routes [0.00%], 0 agencies [0.00%], 0 transfers [0.00%], 0 pathways [0.00%], 0 levels [0.00%], 0 fare attributes [0.00%], 0 translations [0.00%] dropped due to errors.)
Removing trips travelling too fast...done. (-0 trips [-0.00%])
Removing unreferenced entries... done. (-0 trips [-0.00%], -23 stops [-7.37%], -0 shapes [-0.00%], -0 services [-0.00%], -0 routes [-0.00%], -0 agencies [-0.00%], -0 transfers [-0.00%])
Reclustering stops... done. (-58 clusters) [-20.07%]
Removing service duplicates... done. (-0 services [-0.00%])
Minimizing ids... done.
Outputting GTFS feed to 'pl_E%C5%82k.gtfs.zip'... done.
Parsing GTFS feed in 'pl_Elbl%C4%85g.gtfs.zip' ... done. (0 trips [0.00%], 0 stop times [0.00%], 0 stops [0.00%], 0 shapes [0.00%], 0 services [0.00%], 0 routes [0.00%], 0 agencies [0.00%], 0 transfers [0.00%], 0 pathways [0.00%], 0 levels [0.00%], 0 fare attributes [0.00%], 0 translations [0.00%] dropped due to errors.)
Removing trips travelling too fast...done. (-0 trips [-0.00%])
Removing unreferenced entries... done. (-0 trips [-0.00%], -0 stops [-0.00%], -0 shapes [-0.00%], -0 services [-0.00%], -0 routes [-0.00%], -0 agencies [-0.00%], -0 transfers [-0.00%])
Reclustering stops... done. (-17 clusters) [-4.45%]
Removing service duplicates... done. (-0 services [-0.00%])
Minimizing ids... done.
Outputting GTFS feed to 'pl_Elbl%C4%85g.gtfs.zip'... done.
Parsing GTFS feed in 'pl_Gda%C5%84sk.gtfs.zip' ... done. (0 trips [0.00%], 0 stop times [0.00%], 0 stops [0.00%], 0 shapes [0.00%], 0 services [0.00%], 0 routes [0.00%], 0 agencies [0.00%], 0 transfers [0.00%], 0 pathways [0.00%], 0 levels [0.00%], 0 fare attributes [0.00%], 0 translations [0.00%] dropped due to errors.)
Removing trips travelling too fast...done. (-0 trips [-0.00%])
Removing unreferenced entries... done. (-0 trips [-0.00%], -1 stops [-0.06%], -0 shapes [-0.00%], -0 services [-0.00%], -0 routes [-0.00%], -0 agencies [-0.00%], -0 transfers [-0.00%])
Reclustering stops... done. (-620 clusters) [-38.70%]
Removing service duplicates... done. (-0 services [-0.00%])
Minimizing ids... done.
Outputting GTFS feed to 'pl_Gda%C5%84sk.gtfs.zip'... done.
Parsing GTFS feed in 'pl_Gdynia.gtfs.zip' ... done. (0 trips [0.00%], 0 stop times [0.00%], 0 stops [0.00%], 0 shapes [0.00%], 0 services [0.00%], 0 routes [0.00%], 0 agencies [0.00%], 0 transfers [0.00%], 0 pathways [0.00%], 0 levels [0.00%], 0 fare attributes [0.00%], 0 translations [0.00%] dropped due to errors.)
Removing trips travelling too fast...done. (-0 trips [-0.00%])
Removing unreferenced entries... done. (-0 trips [-0.00%], -0 stops [-0.00%], -0 shapes [-0.00%], -0 services [-0.00%], -0 routes [-0.00%], -2 agencies [-25.00%], -0 transfers [-0.00%])
Reclustering stops... done. (-384 clusters) [-33.60%]
Removing service duplicates... done. (-0 services [-0.00%])
Minimizing ids... done.
Outputting GTFS feed to 'pl_Gdynia.gtfs.zip'... done.
Parsing GTFS feed in 'pl_Gi%C5%BCycko.gtfs.zip' ... done. (0 trips [0.00%], 0 stop times [0.00%], 0 stops [0.00%], 0 shapes [0.00%], 0 services [0.00%], 0 routes [0.00%], 0 agencies [0.00%], 0 transfers [0.00%], 0 pathways [0.00%], 0 levels [0.00%], 0 fare attributes [0.00%], 0 translations [0.00%] dropped due to errors.)
Removing trips travelling too fast...done. (-0 trips [-0.00%])
Removing unreferenced entries... done. (-0 trips [-0.00%], -0 stops [-0.00%], -0 shapes [-0.00%], -0 services [-0.00%], -0 routes [-0.00%], -0 agencies [-0.00%], -0 transfers [-0.00%])
Reclustering stops... done. (-7 clusters) [-6.60%]
Removing service duplicates... done. (-0 services [-0.00%])
Minimizing ids... done.
Outputting GTFS feed to 'pl_Gi%C5%BCycko.gtfs.zip'... done.
Parsing GTFS feed in 'pl_Gorz%C3%B3w-Wielkopolski.gtfs.zip' ... done. (0 trips [0.00%], 0 stop times [0.00%], 0 stops [0.00%], 0 shapes [0.00%], 0 services [0.00%], 0 routes [0.00%], 0 agencies [0.00%], 0 transfers [0.00%], 0 pathways [0.00%], 0 levels [0.00%], 0 fare attributes [0.00%], 0 translations [0.00%] dropped due to errors.)
Removing trips travelling too fast...done. (-0 trips [-0.00%])
Removing unreferenced entries... done. (-0 trips [-0.00%], -0 stops [-0.00%], -0 shapes [-0.00%], -0 services [-0.00%], -1 routes [-0.60%], -0 agencies [-0.00%], -0 transfers [-0.00%])
Reclustering stops... done. (-83 clusters) [-18.99%]
Removing service duplicates... done. (-0 services [-0.00%])
Minimizing ids... done.
Outputting GTFS feed to 'pl_Gorz%C3%B3w-Wielkopolski.gtfs.zip'... done.
Parsing GTFS feed in 'pl_Grodziskie-Przewozy-Autobusowe.gtfs.zip' ... done. (0 trips [0.00%], 0 stop times [0.00%], 0 stops [0.00%], 0 shapes [0.00%], 0 services [0.00%], 0 routes [0.00%], 0 agencies [0.00%], 0 transfers [0.00%], 0 pathways [0.00%], 0 levels [0.00%], 0 fare attributes [0.00%], 0 translations [0.00%] dropped due to errors.)
Removing trips travelling too fast...done. (-0 trips [-0.00%])
Removing unreferenced entries... done. (-0 trips [-0.00%], -0 stops [-0.00%], -0 shapes [-0.00%], -0 services [-0.00%], -0 routes [-0.00%], -0 agencies [-0.00%], -0 transfers [-0.00%])
Reclustering stops... done. (-517 clusters) [-32.13%]
Removing service duplicates... done. (-0 services [-0.00%])
Minimizing ids... done.
Outputting GTFS feed to 'pl_Grodziskie-Przewozy-Autobusowe.gtfs.zip'... done.
Parsing GTFS feed in 'pl_Jastrz%C4%99bie-Zdr%C3%B3j.gtfs.zip' ... done. (0 trips [0.00%], 0 stop times [0.00%], 0 stops [0.00%], 0 shapes [0.00%], 0 services [0.00%], 0 routes [0.00%], 0 agencies [0.00%], 0 transfers [0.00%], 0 pathways [0.00%], 0 levels [0.00%], 0 fare attributes [0.00%], 0 translations [0.00%] dropped due to errors.)
Removing trips travelling too fast...done. (-0 trips [-0.00%])
Removing unreferenced entries... done. (-0 trips [-0.00%], -0 stops [-0.00%], -0 shapes [-0.00%], -0 services [-0.00%], -0 routes [-0.00%], -0 agencies [-0.00%], -0 transfers [-0.00%])
Reclustering stops... done. (-371 clusters) [-34.26%]
Removing service duplicates... done. (-0 services [-0.00%])
Minimizing ids... done.
Outputting GTFS feed to 'pl_Jastrz%C4%99bie-Zdr%C3%B3j.gtfs.zip'... done.
Parsing GTFS feed in 'pl_Kielce.gtfs.zip' ... done. (0 trips [0.00%], 0 stop times [0.00%], 0 stops [0.00%], 0 shapes [0.00%], 0 services [0.00%], 0 routes [0.00%], 0 agencies [0.00%], 0 transfers [0.00%], 0 pathways [0.00%], 0 levels [0.00%], 0 fare attributes [0.00%], 0 translations [0.00%] dropped due to errors.)
Removing trips travelling too fast...done. (-0 trips [-0.00%])
Removing unreferenced entries... done. (-0 trips [-0.00%], -56 stops [-3.94%], -0 shapes [-0.00%], -0 services [-0.00%], -16 routes [-21.33%], -0 agencies [-0.00%], -0 transfers [-0.00%])
Reclustering stops... done. (-384 clusters) [-28.11%]
Removing service duplicates... done. (-0 services [-0.00%])
Minimizing ids... done.
Outputting GTFS feed to 'pl_Kielce.gtfs.zip'... done.
Parsing GTFS feed in 'pl_Koleje-%C5%9Al%C4%85skie.gtfs.zip' ... done. (0 trips [0.00%], 0 stop times [0.00%], 0 stops [0.00%], 0 shapes [0.00%], 0 services [0.00%], 0 routes [0.00%], 0 agencies [0.00%], 0 transfers [0.00%], 0 pathways [0.00%], 0 levels [0.00%], 0 fare attributes [0.00%], 0 translations [0.00%] dropped due to errors.)
Removing trips travelling too fast...done. (-0 trips [-0.00%])
Removing unreferenced entries... done. (-0 trips [-0.00%], -20 stops [-8.30%], -0 shapes [-0.00%], -0 services [-0.00%], -59 routes [-31.72%], -0 agencies [-0.00%], -0 transfers [-0.00%])
Reclustering stops... done. (-0 clusters) [-0.00%]
Removing service duplicates... done. (-223 services [-48.27%])
Minimizing ids... done.
Outputting GTFS feed to 'pl_Koleje-%C5%9Al%C4%85skie.gtfs.zip'... done.
Parsing GTFS feed in 'pl_Koleje-Dolno%C5%9Bl%C4%85skie.gtfs.zip' ... done. (0 trips [0.00%], 0 stop times [0.00%], 0 stops [0.00%], 0 shapes [0.00%], 0 services [0.00%], 0 routes [0.00%], 0 agencies [0.00%], 0 transfers [0.00%], 0 pathways [0.00%], 0 levels [0.00%], 0 fare attributes [0.00%], 0 translations [0.00%] dropped due to errors.)
Removing trips travelling too fast...done. (-0 trips [-0.00%])
Removing unreferenced entries... done. (-0 trips [-0.00%], -0 stops [-0.00%], -0 shapes [-0.00%], -0 services [-0.00%], -19 routes [-26.03%], -0 agencies [-0.00%], -0 transfers [-0.00%])
Reclustering stops... done. (-0 clusters) [-0.00%]
Removing service duplicates... done. (-0 services [-0.00%])
Minimizing ids... done.
Outputting GTFS feed to 'pl_Koleje-Dolno%C5%9Bl%C4%85skie.gtfs.zip'... done.
Parsing GTFS feed in 'pl_Koleje-Ma%C5%82opolskie-ald.gtfs.zip' ... done. (0 trips [0.00%], 0 stop times [0.00%], 0 stops [0.00%], 0 shapes [0.00%], 0 services [0.00%], 0 routes [0.00%], 0 agencies [0.00%], 0 transfers [0.00%], 0 pathways [0.00%], 0 levels [0.00%], 0 fare attributes [0.00%], 0 translations [0.00%] dropped due to errors.)
Removing trips travelling too fast...done. (-0 trips [-0.00%])
Removing unreferenced entries... done. (-0 trips [-0.00%], -0 stops [-0.00%], -0 shapes [-0.00%], -0 services [-0.00%], -0 routes [-0.00%], -0 agencies [-0.00%], -0 transfers [-0.00%])
Reclustering stops... done. (-18 clusters) [-0.90%]
Removing service duplicates... done. (-0 services [-0.00%])
Minimizing ids... done.
Outputting GTFS feed to 'pl_Koleje-Ma%C5%82opolskie-ald.gtfs.zip'... done.
Parsing GTFS feed in 'pl_Koleje-Ma%C5%82opolskie.gtfs.zip' ... done. (0 trips [0.00%], 0 stop times [0.00%], 0 stops [0.00%], 0 shapes [0.00%], 0 services [0.00%], 0 routes [0.00%], 0 agencies [0.00%], 0 transfers [0.00%], 0 pathways [0.00%], 0 levels [0.00%], 0 fare attributes [0.00%], 0 translations [0.00%] dropped due to errors.)
Removing trips travelling too fast...done. (-0 trips [-0.00%])
Removing unreferenced entries... done. (-0 trips [-0.00%], -312 stops [-41.88%], -0 shapes [-0.00%], -0 services [-0.00%], -0 routes [-0.00%], -0 agencies [-0.00%], -0 transfers [-0.00%])
Reclustering stops... done. (-0 clusters) [-0.00%]
Removing service duplicates... done. (-6 services [-7.79%])
Minimizing ids... done.
Outputting GTFS feed to 'pl_Koleje-Ma%C5%82opolskie.gtfs.zip'... done.
Parsing GTFS feed in 'pl_Koleje-Mazowieckie.gtfs.zip' ... done. (0 trips [0.00%], 0 stop times [0.00%], 0 stops [0.00%], 0 shapes [0.00%], 0 services [0.00%], 0 routes [0.00%], 0 agencies [0.00%], 0 transfers [0.00%], 0 pathways [0.00%], 0 levels [0.00%], 0 fare attributes [0.00%], 0 translations [0.00%] dropped due to errors.)
Removing trips travelling too fast...done. (-0 trips [-0.00%])
Removing unreferenced entries... done. (-0 trips [-0.00%], -13 stops [-3.80%], -0 shapes [-0.00%], -0 services [-0.00%], -15 routes [-27.78%], -0 agencies [-0.00%], -0 transfers [-0.00%])
Reclustering stops... done. (-0 clusters) [-0.00%]
Removing service duplicates... done. (-239 services [-39.18%])
Minimizing ids... done.
Outputting GTFS feed to 'pl_Koleje-Mazowieckie.gtfs.zip'... done.
Parsing GTFS feed in 'pl_Koleje-Wielkopolskie.gtfs.zip' ... done. (0 trips [0.00%], 0 stop times [0.00%], 0 stops [0.00%], 0 shapes [0.00%], 0 services [0.00%], 0 routes [0.00%], 0 agencies [0.00%], 0 transfers [0.00%], 0 pathways [0.00%], 0 levels [0.00%], 0 fare attributes [0.00%], 0 translations [0.00%] dropped due to errors.)
Removing trips travelling too fast...done. (-0 trips [-0.00%])
Removing unreferenced entries... done. (-0 trips [-0.00%], -0 stops [-0.00%], -0 shapes [-0.00%], -2 services [-0.79%], -0 routes [-0.00%], -0 agencies [-0.00%], -0 transfers [-0.00%])
Reclustering stops... done. (-1 clusters) [-0.38%]
Removing service duplicates... done. (-0 services [-0.00%])
Minimizing ids... done.
Outputting GTFS feed to 'pl_Koleje-Wielkopolskie.gtfs.zip'... done.
Parsing GTFS feed in 'pl_Kombus-%C5%9Aroda-Wielkopolska.gtfs.zip' ... done. (0 trips [0.00%], 0 stop times [0.00%], 0 stops [0.00%], 0 shapes [0.00%], 0 services [0.00%], 0 routes [0.00%], 0 agencies [0.00%], 0 transfers [0.00%], 0 pathways [0.00%], 0 levels [0.00%], 0 fare attributes [0.00%], 0 translations [0.00%] dropped due to errors.)
Removing trips travelling too fast...done. (-0 trips [-0.00%])
Removing unreferenced entries... done. (-0 trips [-0.00%], -2 stops [-0.50%], -0 shapes [-0.00%], -0 services [-0.00%], -0 routes [-0.00%], -0 agencies [-0.00%], -0 transfers [-0.00%])
Reclustering stops... done. (-94 clusters) [-23.68%]
Removing service duplicates... done. (-0 services [-0.00%])
Minimizing ids... done.
Outputting GTFS feed to 'pl_Kombus-%C5%9Aroda-Wielkopolska.gtfs.zip'... done.
Parsing GTFS feed in 'pl_Kombus-K%C3%B3rnik.gtfs.zip' ... done. (0 trips [0.00%], 0 stop times [0.00%], 0 stops [0.00%], 0 shapes [0.00%], 0 services [0.00%], 0 routes [0.00%], 0 agencies [0.00%], 0 transfers [0.00%], 0 pathways [0.00%], 0 levels [0.00%], 0 fare attributes [0.00%], 0 translations [0.00%] dropped due to errors.)
Removing trips travelling too fast...done. (-0 trips [-0.00%])
Removing unreferenced entries... done. (-0 trips [-0.00%], -25 stops [-9.84%], -0 shapes [-0.00%], -1 services [-24.99%], -0 routes [-0.00%], -0 agencies [-0.00%], -0 transfers [-0.00%])
Reclustering stops... done. (-37 clusters) [-16.16%]
Removing service duplicates... done. (-0 services [-0.00%])
Minimizing ids... done.
Outputting GTFS feed to 'pl_Kombus-K%C3%B3rnik.gtfs.zip'... done.
Parsing GTFS feed in 'pl_Komunikacja-Beskidzka.gtfs.zip' ... done. (0 trips [0.00%], 0 stop times [0.00%], 0 stops [0.00%], 0 shapes [0.00%], 0 services [0.00%], 0 routes [0.00%], 0 agencies [0.00%], 0 transfers [0.00%], 0 pathways [0.00%], 0 levels [0.00%], 0 fare attributes [0.00%], 0 translations [0.00%] dropped due to errors.)
Removing trips travelling too fast...done. (-0 trips [-0.00%])
Removing unreferenced entries... done. (-0 trips [-0.00%], -0 stops [-0.00%], -0 shapes [-0.00%], -0 services [-0.00%], -0 routes [-0.00%], -0 agencies [-0.00%], -0 transfers [-0.00%])
Reclustering stops... done. (-290 clusters) [-30.95%]
Removing service duplicates... done. (-0 services [-0.00%])
Minimizing ids... done.
Outputting GTFS feed to 'pl_Komunikacja-Beskidzka.gtfs.zip'... done.
Parsing GTFS feed in 'pl_Kutno.gtfs.zip' ... done. (0 trips [0.00%], 0 stop times [0.00%], 0 stops [0.00%], 0 shapes [0.00%], 0 services [0.00%], 0 routes [0.00%], 0 agencies [0.00%], 0 transfers [0.00%], 0 pathways [0.00%], 0 levels [0.00%], 0 fare attributes [0.00%], 0 translations [0.00%] dropped due to errors.)
Removing trips travelling too fast...done. (-0 trips [-0.00%])
Removing unreferenced entries... done. (-0 trips [-0.00%], -0 stops [-0.00%], -0 shapes [-0.00%], -0 services [-0.00%], -0 routes [-0.00%], -0 agencies [-0.00%], -0 transfers [-0.00%])
Reclustering stops... done. (-0 clusters) [-0.00%]
Removing service duplicates... done. (-0 services [-0.00%])
Minimizing ids... done.
Outputting GTFS feed to 'pl_Kutno.gtfs.zip'... done.
Parsing GTFS feed in 'pl_Legnica.gtfs.zip' ... done. (0 trips [0.00%], 0 stop times [0.00%], 0 stops [0.00%], 0 shapes [0.00%], 0 services [0.00%], 0 routes [0.00%], 0 agencies [0.00%], 0 transfers [0.00%], 0 pathways [0.00%], 0 levels [0.00%], 0 fare attributes [0.00%], 0 translations [0.00%] dropped due to errors.)
Removing trips travelling too fast...done. (-0 trips [-0.00%])
Removing unreferenced entries... done. (-0 trips [-0.00%], -0 stops [-0.00%], -0 shapes [-0.00%], -0 services [-0.00%], -0 routes [-0.00%], -0 agencies [-0.00%], -0 transfers [-0.00%])
Reclustering stops... done. (-30 clusters) [-8.40%]
Removing service duplicates... done. (-0 services [-0.00%])
Minimizing ids... done.
Outputting GTFS feed to 'pl_Legnica.gtfs.zip'... done.
Parsing GTFS feed in 'pl_Lublin.gtfs.zip' ... done. (0 trips [0.00%], 0 stop times [0.00%], 0 stops [0.00%], 0 shapes [0.00%], 0 services [0.00%], 0 routes [0.00%], 0 agencies [0.00%], 0 transfers [0.00%], 0 pathways [0.00%], 0 levels [0.00%], 0 fare attributes [0.00%], 0 translations [0.00%] dropped due to errors.)
Removing trips travelling too fast...done. (-0 trips [-0.00%])
Removing unreferenced entries... done. (-0 trips [-0.00%], -1 stops [-0.08%], -0 shapes [-0.00%], -0 services [-0.00%], -1 routes [-1.37%], -0 agencies [-0.00%], -0 transfers [-0.00%])
Reclustering stops... done. (-362 clusters) [-28.64%]
Removing service duplicates... done. (-0 services [-0.00%])
Minimizing ids... done.
Outputting GTFS feed to 'pl_Lublin.gtfs.zip'... done.
Parsing GTFS feed in 'pl_MPK-Wroc%C5%82aw.gtfs.zip' ... done. (0 trips [0.00%], 0 stop times [0.00%], 0 stops [0.00%], 0 shapes [0.00%], 0 services [0.00%], 0 routes [0.00%], 0 agencies [0.00%], 0 transfers [0.00%], 0 pathways [0.00%], 0 levels [0.00%], 0 fare attributes [0.00%], 0 translations [0.00%] dropped due to errors.)
Removing trips travelling too fast...done. (-0 trips [-0.00%])
Removing unreferenced entries... done. (-0 trips [-0.00%], -15 stops [-0.64%], -0 shapes [-0.00%], -0 services [-0.00%], -0 routes [-0.00%], -0 agencies [-0.00%], -0 transfers [-0.00%])
Reclustering stops... done. (-1124 clusters) [-48.41%]
Removing service duplicates... done. (-0 services [-0.00%])
Minimizing ids... done.
Outputting GTFS feed to 'pl_MPK-Wroc%C5%82aw.gtfs.zip'... done.
Parsing GTFS feed in 'pl_MZK-E%C5%82k.gtfs.zip' ... done. (0 trips [0.00%], 0 stop times [0.00%], 0 stops [0.00%], 0 shapes [0.00%], 0 services [0.00%], 0 routes [0.00%], 0 agencies [0.00%], 0 transfers [0.00%], 0 pathways [0.00%], 0 levels [0.00%], 0 fare attributes [0.00%], 0 translations [0.00%] dropped due to errors.)
Removing trips travelling too fast...done. (-0 trips [-0.00%])
Removing unreferenced entries... done. (-0 trips [-0.00%], -23 stops [-7.37%], -0 shapes [-0.00%], -0 services [-0.00%], -1 routes [-5.88%], -0 agencies [-0.00%], -0 transfers [-0.00%])
Reclustering stops... done. (-62 clusters) [-21.45%]
Removing service duplicates... done. (-0 services [-0.00%])
Minimizing ids... done.
Outputting GTFS feed to 'pl_MZK-E%C5%82k.gtfs.zip'... done.
Parsing GTFS feed in 'pl_Mi%C5%84sk-Mazowiecki.gtfs.zip' ... done. (0 trips [0.00%], 0 stop times [0.00%], 0 stops [0.00%], 0 shapes [0.00%], 0 services [0.00%], 0 routes [0.00%], 0 agencies [0.00%], 0 transfers [0.00%], 0 pathways [0.00%], 0 levels [0.00%], 0 fare attributes [0.00%], 0 translations [0.00%] dropped due to errors.)
Removing trips travelling too fast...done. (-0 trips [-0.00%])
Removing unreferenced entries... done. (-0 trips [-0.00%], -122 stops [-100.00%], -0 shapes [-0.00%], -0 services [-0.00%], -5 routes [-99.98%], -1 agencies [-99.90%], -0 transfers [-0.00%])
Reclustering stops... Parsing GTFS feed in 'pl_Mor%C4%85g.gtfs.zip' ... done. (0 trips [0.00%], 0 stop times [0.00%], 0 stops [0.00%], 0 shapes [0.00%], 0 services [0.00%], 0 routes [0.00%], 0 agencies [0.00%], 0 transfers [0.00%], 0 pathways [0.00%], 0 levels [0.00%], 0 fare attributes [0.00%], 0 translations [0.00%] dropped due to errors.)
Removing trips travelling too fast...done. (-0 trips [-0.00%])
Removing unreferenced entries... done. (-0 trips [-0.00%], -0 stops [-0.00%], -0 shapes [-0.00%], -2 services [-39.99%], -0 routes [-0.00%], -0 agencies [-0.00%], -0 transfers [-0.00%])
Reclustering stops... done. (-32 clusters) [-24.62%]
Removing service duplicates... done. (-0 services [-0.00%])
Minimizing ids... done.
Outputting GTFS feed to 'pl_Mor%C4%85g.gtfs.zip'... done.
Parsing GTFS feed in 'pl_Nowy-Dw%C3%B3r-Mazowiecki.gtfs.zip' ... done. (0 trips [0.00%], 0 stop times [0.00%], 0 stops [0.00%], 0 shapes [0.00%], 0 services [0.00%], 0 routes [0.00%], 0 agencies [0.00%], 0 transfers [0.00%], 0 pathways [0.00%], 0 levels [0.00%], 0 fare attributes [0.00%], 0 translations [0.00%] dropped due to errors.)
Removing trips travelling too fast...done. (-0 trips [-0.00%])
Removing unreferenced entries... done. (-0 trips [-0.00%], -0 stops [-0.00%], -0 shapes [-0.00%], -0 services [-0.00%], -0 routes [-0.00%], -0 agencies [-0.00%], -0 transfers [-0.00%])
Reclustering stops... done. (-0 clusters) [-0.00%]
Removing service duplicates... done. (-0 services [-0.00%])
Minimizing ids... done.
Outputting GTFS feed to 'pl_Nowy-Dw%C3%B3r-Mazowiecki.gtfs.zip'... done.
Parsing GTFS feed in 'pl_O%C5%9Bwi%C4%99cim.gtfs.zip' ... done. (0 trips [0.00%], 0 stop times [0.00%], 0 stops [0.00%], 0 shapes [0.00%], 0 services [0.00%], 0 routes [0.00%], 0 agencies [0.00%], 0 transfers [0.00%], 0 pathways [0.00%], 0 levels [0.00%], 0 fare attributes [0.00%], 0 translations [0.00%] dropped due to errors.)
Removing trips travelling too fast...done. (-0 trips [-0.00%])
Removing unreferenced entries... done. (-0 trips [-0.00%], -20 stops [-4.56%], -0 shapes [-0.00%], -0 services [-0.00%], -0 routes [-0.00%], -0 agencies [-0.00%], -0 transfers [-0.00%])
Reclustering stops... done. (-96 clusters) [-22.91%]
Removing service duplicates... done. (-0 services [-0.00%])
Minimizing ids... done.
Outputting GTFS feed to 'pl_O%C5%9Bwi%C4%99cim.gtfs.zip'... done.
Parsing GTFS feed in 'pl_Olsztyn.gtfs.zip' ... done. (0 trips [0.00%], 0 stop times [0.00%], 0 stops [0.00%], 0 shapes [0.00%], 0 services [0.00%], 0 routes [0.00%], 0 agencies [0.00%], 0 transfers [0.00%], 0 pathways [0.00%], 0 levels [0.00%], 0 fare attributes [0.00%], 0 translations [0.00%] dropped due to errors.)
Removing trips travelling too fast...done. (-0 trips [-0.00%])
Removing unreferenced entries... done. (-0 trips [-0.00%], -237 stops [-28.25%], -0 shapes [-0.00%], -0 services [-0.00%], -0 routes [-0.00%], -0 agencies [-0.00%], -0 transfers [-0.00%])
Reclustering stops... done. (-133 clusters) [-22.09%]
Removing service duplicates... done. (-0 services [-0.00%])
Minimizing ids... done.
Outputting GTFS feed to 'pl_Olsztyn.gtfs.zip'... done.
Parsing GTFS feed in 'pl_Opoczno.gtfs.zip' ... done. (0 trips [0.00%], 0 stop times [0.00%], 0 stops [0.00%], 0 shapes [0.00%], 0 services [0.00%], 0 routes [0.00%], 0 agencies [0.00%], 0 transfers [0.00%], 0 pathways [0.00%], 0 levels [0.00%], 0 fare attributes [0.00%], 0 translations [0.00%] dropped due to errors.)
Removing trips travelling too fast...done. (-0 trips [-0.00%])
Removing unreferenced entries... done. (-0 trips [-0.00%], -0 stops [-0.00%], -0 shapes [-0.00%], -0 services [-0.00%], -0 routes [-0.00%], -0 agencies [-0.00%], -0 transfers [-0.00%])
Reclustering stops... done. (-33 clusters) [-10.34%]
Removing service duplicates... done. (-0 services [-0.00%])
Minimizing ids... done.
Outputting GTFS feed to 'pl_Opoczno.gtfs.zip'... done.
Parsing GTFS feed in 'pl_Opole.gtfs.zip' ... done. (0 trips [0.00%], 0 stop times [0.00%], 0 stops [0.00%], 0 shapes [0.00%], 0 services [0.00%], 0 routes [0.00%], 0 agencies [0.00%], 0 transfers [0.00%], 0 pathways [0.00%], 0 levels [0.00%], 0 fare attributes [0.00%], 0 translations [0.00%] dropped due to errors.)
Removing trips travelling too fast...done. (-0 trips [-0.00%])
Removing unreferenced entries... done. (-0 trips [-0.00%], -3 stops [-0.57%], -0 shapes [-0.00%], -0 services [-0.00%], -0 routes [-0.00%], -0 agencies [-0.00%], -0 transfers [-0.00%])
Reclustering stops... done. (-141 clusters) [-27.01%]
Removing service duplicates... done. (-0 services [-0.00%])
Minimizing ids... done.
Outputting GTFS feed to 'pl_Opole.gtfs.zip'... done.
Parsing GTFS feed in 'pl_Orneta.gtfs.zip' ... done. (0 trips [0.00%], 0 stop times [0.00%], 0 stops [0.00%], 0 shapes [0.00%], 0 services [0.00%], 0 routes [0.00%], 0 agencies [0.00%], 0 transfers [0.00%], 0 pathways [0.00%], 0 levels [0.00%], 0 fare attributes [0.00%], 0 translations [0.00%] dropped due to errors.)
Removing trips travelling too fast...done. (-0 trips [-0.00%])
Removing unreferenced entries... done. (-0 trips [-0.00%], -0 stops [-0.00%], -0 shapes [-0.00%], -4 services [-66.66%], -0 routes [-0.00%], -0 agencies [-0.00%], -0 transfers [-0.00%])
Reclustering stops... done. (-19 clusters) [-20.88%]
Removing service duplicates... done. (-0 services [-0.00%])
Minimizing ids... done.
Outputting GTFS feed to 'pl_Orneta.gtfs.zip'... done.
Parsing GTFS feed in 'pl_Otwock.gtfs.zip' ... done. (0 trips [0.00%], 0 stop times [0.00%], 0 stops [0.00%], 0 shapes [0.00%], 0 services [0.00%], 0 routes [0.00%], 0 agencies [0.00%], 0 transfers [0.00%], 0 pathways [0.00%], 0 levels [0.00%], 0 fare attributes [0.00%], 0 translations [0.00%] dropped due to errors.)
Removing trips travelling too fast...done. (-0 trips [-0.00%])
Removing unreferenced entries... done. (-0 trips [-0.00%], -0 stops [-0.00%], -0 shapes [-0.00%], -0 services [-0.00%], -0 routes [-0.00%], -0 agencies [-0.00%], -0 transfers [-0.00%])
Reclustering stops... done. (-0 clusters) [-0.00%]
Removing service duplicates... done. (-0 services [-0.00%])
Minimizing ids... done.
Outputting GTFS feed to 'pl_Otwock.gtfs.zip'... done.
Parsing GTFS feed in 'pl_PKP-Intercity-Germany.gtfs.zip' ... done. (0 trips [0.00%], 0 stop times [0.00%], 0 stops [0.00%], 0 shapes [0.00%], 0 services [0.00%], 0 routes [0.00%], 0 agencies [0.00%], 0 transfers [0.00%], 0 pathways [0.00%], 0 levels [0.00%], 0 fare attributes [0.00%], 0 translations [0.00%] dropped due to errors.)
Removing trips travelling too fast...done. (-0 trips [-0.00%])
Removing unreferenced entries... done. (-0 trips [-0.00%], -0 stops [-0.00%], -0 shapes [-0.00%], -0 services [-0.00%], -0 routes [-0.00%], -0 agencies [-0.00%], -0 transfers [-0.00%])
Reclustering stops... done. (-0 clusters) [-0.00%]
Removing service duplicates... done. (-3 services [-14.29%])
Minimizing ids... done.
Outputting GTFS feed to 'pl_PKP-Intercity-Germany.gtfs.zip'... done.
Parsing GTFS feed in 'pl_PKP-Intercity.gtfs.zip' ... done. (0 trips [0.00%], 0 stop times [0.00%], 0 stops [0.00%], 0 shapes [0.00%], 0 services [0.00%], 0 routes [0.00%], 0 agencies [0.00%], 0 transfers [0.00%], 0 pathways [0.00%], 0 levels [0.00%], 0 fare attributes [0.00%], 0 translations [0.00%] dropped due to errors.)
Removing trips travelling too fast...done. (-0 trips [-0.00%])
Removing unreferenced entries... done. (-0 trips [-0.00%], -0 stops [-0.00%], -0 shapes [-0.00%], -0 services [-0.00%], -0 routes [-0.00%], -0 agencies [-0.00%], -0 transfers [-0.00%])
Reclustering stops... done. (-0 clusters) [-0.00%]
Removing service duplicates... done. (-0 services [-0.00%])
Minimizing ids... done.
Outputting GTFS feed to 'pl_PKP-Intercity.gtfs.zip'... done.
Parsing GTFS feed in 'pl_PKP-SKM.gtfs.zip' ... done. (0 trips [0.00%], 0 stop times [0.00%], 0 stops [0.00%], 0 shapes [0.00%], 0 services [0.00%], 0 routes [0.00%], 0 agencies [0.00%], 0 transfers [0.00%], 0 pathways [0.00%], 0 levels [0.00%], 0 fare attributes [0.00%], 0 translations [0.00%] dropped due to errors.)
Removing trips travelling too fast...done. (-0 trips [-0.00%])
Removing unreferenced entries... done. (-0 trips [-0.00%], -46 stops [-56.79%], -0 shapes [-0.00%], -0 services [-0.00%], -188 routes [-12.81%], -0 agencies [-0.00%], -0 transfers [-0.00%])
Reclustering stops... done. (-0 clusters) [-0.00%]
Removing service duplicates... done. (-16 services [-19.28%])
Minimizing ids... done.
Outputting GTFS feed to 'pl_PKP-SKM.gtfs.zip'... done.
Parsing GTFS feed in 'pl_PKS-Nova-Supra%C5%9Bl.gtfs.zip' ... done. (0 trips [0.00%], 0 stop times [0.00%], 0 stops [0.00%], 0 shapes [0.00%], 0 services [0.00%], 0 routes [0.00%], 0 agencies [0.00%], 0 transfers [0.00%], 0 pathways [0.00%], 0 levels [0.00%], 0 fare attributes [0.00%], 0 translations [0.00%] dropped due to errors.)
Removing trips travelling too fast...done. (-0 trips [-0.00%])
Removing unreferenced entries... done. (-0 trips [-0.00%], -0 stops [-0.00%], -0 shapes [-0.00%], -2 services [-39.99%], -0 routes [-0.00%], -0 agencies [-0.00%], -0 transfers [-0.00%])
Reclustering stops... done. (-6 clusters) [-15.00%]
Removing service duplicates... done. (-0 services [-0.00%])
Minimizing ids... done.
Outputting GTFS feed to 'pl_PKS-Nova-Supra%C5%9Bl.gtfs.zip'... done.
Parsing GTFS feed in 'pl_PKS-Nova.gtfs.zip' ... done. (0 trips [0.00%], 0 stop times [0.00%], 0 stops [0.00%], 0 shapes [0.00%], 0 services [0.00%], 0 routes [0.00%], 0 agencies [0.00%], 0 transfers [0.00%], 0 pathways [0.00%], 0 levels [0.00%], 0 fare attributes [0.00%], 0 translations [0.00%] dropped due to errors.)
Removing trips travelling too fast...done. (-0 trips [-0.00%])
Removing unreferenced entries... done. (-0 trips [-0.00%], -1205 stops [-22.62%], -0 shapes [-0.00%], -0 services [-0.00%], -0 routes [-0.00%], -0 agencies [-0.00%], -0 transfers [-0.00%])
Reclustering stops... done. (-672 clusters) [-16.31%]
Removing service duplicates... done. (-0 services [-0.00%])
Minimizing ids... done.
Outputting GTFS feed to 'pl_PKS-Nova.gtfs.zip'... done.
Parsing GTFS feed in 'pl_PKS-Opoczno.gtfs.zip' ... done. (0 trips [0.00%], 0 stop times [0.00%], 0 stops [0.00%], 0 shapes [0.00%], 0 services [0.00%], 0 routes [0.00%], 0 agencies [0.00%], 0 transfers [0.00%], 0 pathways [0.00%], 0 levels [0.00%], 0 fare attributes [0.00%], 0 translations [0.00%] dropped due to errors.)
Removing trips travelling too fast...done. (-0 trips [-0.00%])
Removing unreferenced entries... done. (-0 trips [-0.00%], -0 stops [-0.00%], -0 shapes [-0.00%], -0 services [-0.00%], -0 routes [-0.00%], -0 agencies [-0.00%], -0 transfers [-0.00%])
Reclustering stops... done. (-219 clusters) [-23.83%]
Removing service duplicates... done. (-0 services [-0.00%])
Minimizing ids... done.
Outputting GTFS feed to 'pl_PKS-Opoczno.gtfs.zip'... done.
Parsing GTFS feed in 'pl_PKS-Pozna%C5%84.gtfs.zip' ... done. (0 trips [0.00%], 0 stop times [0.00%], 0 stops [0.00%], 0 shapes [0.00%], 0 services [0.00%], 0 routes [0.00%], 0 agencies [0.00%], 0 transfers [0.00%], 0 pathways [0.00%], 0 levels [0.00%], 0 fare attributes [0.00%], 0 translations [0.00%] dropped due to errors.)
Removing trips travelling too fast...done. (-0 trips [-0.00%])
Removing unreferenced entries... done. (-0 trips [-0.00%], -179 stops [-15.52%], -0 shapes [-0.00%], -10 services [-22.73%], -0 routes [-0.00%], -0 agencies [-0.00%], -0 transfers [-0.00%])
Reclustering stops... done. (-164 clusters) [-17.23%]
Removing service duplicates... done. (-0 services [-0.00%])
Minimizing ids... done.
Outputting GTFS feed to 'pl_PKS-Pozna%C5%84.gtfs.zip'... done.
Parsing GTFS feed in 'pl_Pi%C5%82a.gtfs.zip' ... done. (0 trips [0.00%], 0 stop times [0.00%], 0 stops [0.00%], 0 shapes [0.00%], 0 services [0.00%], 0 routes [0.00%], 0 agencies [0.00%], 0 transfers [0.00%], 0 pathways [0.00%], 0 levels [0.00%], 0 fare attributes [0.00%], 0 translations [0.00%] dropped due to errors.)
Removing trips travelling too fast...done. (-0 trips [-0.00%])
Removing unreferenced entries... done. (-0 trips [-0.00%], -48 stops [-15.24%], -0 shapes [-0.00%], -1 services [-33.32%], -4 routes [-23.53%], -0 agencies [-0.00%], -0 transfers [-0.00%])
Reclustering stops... done. (-26 clusters) [-9.74%]
Removing service duplicates... done. (-0 services [-0.00%])
Minimizing ids... done.
Outputting GTFS feed to 'pl_Pi%C5%82a.gtfs.zip'... done.
Parsing GTFS feed in 'pl_Piecki.gtfs.zip' ... done. (0 trips [0.00%], 0 stop times [0.00%], 0 stops [0.00%], 0 shapes [0.00%], 0 services [0.00%], 0 routes [0.00%], 0 agencies [0.00%], 0 transfers [0.00%], 0 pathways [0.00%], 0 levels [0.00%], 0 fare attributes [0.00%], 0 translations [0.00%] dropped due to errors.)
Removing trips travelling too fast...done. (-0 trips [-0.00%])
Removing unreferenced entries... done. (-0 trips [-0.00%], -0 stops [-0.00%], -0 shapes [-0.00%], -2 services [-39.99%], -0 routes [-0.00%], -0 agencies [-0.00%], -0 transfers [-0.00%])
Reclustering stops... done. (-15 clusters) [-11.72%]
Removing service duplicates... done. (-0 services [-0.00%])
Minimizing ids... done.
Outputting GTFS feed to 'pl_Piecki.gtfs.zip'... done.
Parsing GTFS feed in 'pl_Plusbus.gtfs.zip' ... done. (0 trips [0.00%], 0 stop times [0.00%], 0 stops [0.00%], 0 shapes [0.00%], 0 services [0.00%], 0 routes [0.00%], 0 agencies [0.00%], 0 transfers [0.00%], 0 pathways [0.00%], 0 levels [0.00%], 0 fare attributes [0.00%], 0 translations [0.00%] dropped due to errors.)
Removing trips travelling too fast...done. (-0 trips [-0.00%])
Removing unreferenced entries... done. (-0 trips [-0.00%], -0 stops [-0.00%], -0 shapes [-0.00%], -0 services [-0.00%], -0 routes [-0.00%], -0 agencies [-0.00%], -0 transfers [-0.00%])
Reclustering stops... done. (-3 clusters) [-18.75%]
Removing service duplicates... done. (-0 services [-0.00%])
Minimizing ids... done.
Outputting GTFS feed to 'pl_Plusbus.gtfs.zip'... done.
Parsing GTFS feed in 'pl_PolRegio.gtfs.zip' ... done. (0 trips [0.00%], 0 stop times [0.00%], 0 stops [0.00%], 0 shapes [0.00%], 0 services [0.00%], 0 routes [0.00%], 0 agencies [0.00%], 0 transfers [0.00%], 0 pathways [0.00%], 0 levels [0.00%], 0 fare attributes [0.00%], 0 translations [0.00%] dropped due to errors.)
Removing trips travelling too fast...done. (-0 trips [-0.00%])
Removing unreferenced entries... done. (-0 trips [-0.00%], -0 stops [-0.00%], -0 shapes [-0.00%], -0 services [-0.00%], -0 routes [-0.00%], -0 agencies [-0.00%], -0 transfers [-0.00%])
Reclustering stops... done. (-0 clusters) [-0.00%]
Removing service duplicates... done. (-1284 services [-71.69%])
Minimizing ids... done.
Outputting GTFS feed to 'pl_PolRegio.gtfs.zip'... done.
Parsing GTFS feed in 'pl_Polbus.gtfs.zip' ... done. (0 trips [0.00%], 0 stop times [0.00%], 0 stops [0.00%], 0 shapes [0.00%], 0 services [0.00%], 0 routes [0.00%], 0 agencies [0.00%], 0 transfers [0.00%], 0 pathways [0.00%], 0 levels [0.00%], 0 fare attributes [0.00%], 0 translations [0.00%] dropped due to errors.)
Removing trips travelling too fast...done. (-0 trips [-0.00%])
Removing unreferenced entries... done. (-0 trips [-0.00%], -0 stops [-0.00%], -0 shapes [-0.00%], -0 services [-0.00%], -0 routes [-0.00%], -0 agencies [-0.00%], -0 transfers [-0.00%])
Reclustering stops... done. (-104 clusters) [-31.42%]
Removing service duplicates... done. (-0 services [-0.00%])
Minimizing ids... done.
Outputting GTFS feed to 'pl_Polbus.gtfs.zip'... done.
Parsing GTFS feed in 'pl_Powiat-%C5%9Awiecki.gtfs.zip' ... done. (0 trips [0.00%], 0 stop times [0.00%], 0 stops [0.00%], 0 shapes [0.00%], 0 services [0.00%], 0 routes [0.00%], 0 agencies [0.00%], 0 transfers [0.00%], 0 pathways [0.00%], 0 levels [0.00%], 0 fare attributes [0.00%], 0 translations [0.00%] dropped due to errors.)
Removing trips travelling too fast...done. (-0 trips [-0.00%])
Removing unreferenced entries... done. (-0 trips [-0.00%], -350 stops [-41.62%], -0 shapes [-0.00%], -0 services [-0.00%], -0 routes [-0.00%], -0 agencies [-0.00%], -0 transfers [-0.00%])
Reclustering stops... done. (-171 clusters) [-34.83%]
Removing service duplicates... done. (-0 services [-0.00%])
Minimizing ids... done.
Outputting GTFS feed to 'pl_Powiat-%C5%9Awiecki.gtfs.zip'... done.
Parsing GTFS feed in 'pl_Powiat-Olecki.gtfs.zip' ... done. (0 trips [0.00%], 0 stop times [0.00%], 0 stops [0.00%], 0 shapes [0.00%], 0 services [0.00%], 0 routes [0.00%], 0 agencies [0.00%], 0 transfers [0.00%], 0 pathways [0.00%], 0 levels [0.00%], 0 fare attributes [0.00%], 0 translations [0.00%] dropped due to errors.)
Removing trips travelling too fast...done. (-0 trips [-0.00%])
Removing unreferenced entries... done. (-0 trips [-0.00%], -0 stops [-0.00%], -0 shapes [-0.00%], -2 services [-22.22%], -0 routes [-0.00%], -0 agencies [-0.00%], -0 transfers [-0.00%])
Reclustering stops... done. (-171 clusters) [-31.67%]
Removing service duplicates... done. (-0 services [-0.00%])
Minimizing ids... done.
Outputting GTFS feed to 'pl_Powiat-Olecki.gtfs.zip'... done.
Parsing GTFS feed in 'pl_Powiat-Olszty%C5%84ski.gtfs.zip' ... done. (0 trips [0.00%], 0 stop times [0.00%], 0 stops [0.00%], 0 shapes [0.00%], 0 services [0.00%], 0 routes [0.00%], 0 agencies [0.00%], 0 transfers [0.00%], 0 pathways [0.00%], 0 levels [0.00%], 0 fare attributes [0.00%], 0 translations [0.00%] dropped due to errors.)
Removing trips travelling too fast...done. (-0 trips [-0.00%])
Removing unreferenced entries... done. (-0 trips [-0.00%], -0 stops [-0.00%], -0 shapes [-0.00%], -0 services [-0.00%], -0 routes [-0.00%], -0 agencies [-0.00%], -0 transfers [-0.00%])
Reclustering stops... done. (-294 clusters) [-31.28%]
Removing service duplicates... done. (-0 services [-0.00%])
Minimizing ids... done.
Outputting GTFS feed to 'pl_Powiat-Olszty%C5%84ski.gtfs.zip'... done.
Parsing GTFS feed in 'pl_Pozna%C5%84.gtfs.zip' ... done. (0 trips [0.00%], 0 stop times [0.00%], 0 stops [0.00%], 0 shapes [0.00%], 0 services [0.00%], 0 routes [0.00%], 0 agencies [0.00%], 0 transfers [0.00%], 0 pathways [0.00%], 0 levels [0.00%], 0 fare attributes [0.00%], 0 translations [0.00%] dropped due to errors.)
Removing trips travelling too fast...done. (-0 trips [-0.00%])
Removing unreferenced entries... done. (-0 trips [-0.00%], -0 stops [-0.00%], -0 shapes [-0.00%], -0 services [-0.00%], -0 routes [-0.00%], -0 agencies [-0.00%], -0 transfers [-0.00%])
Reclustering stops... done. (-1312 clusters) [-40.61%]
Removing service duplicates... done. (-0 services [-0.00%])
Minimizing ids... done.
Outputting GTFS feed to 'pl_Pozna%C5%84.gtfs.zip'... done.
Parsing GTFS feed in 'pl_Przemy%C5%9Bl.gtfs.zip' ... done. (0 trips [0.00%], 0 stop times [0.00%], 0 stops [0.00%], 0 shapes [0.00%], 0 services [0.00%], 0 routes [0.00%], 0 agencies [0.00%], 0 transfers [0.00%], 0 pathways [0.00%], 0 levels [0.00%], 0 fare attributes [0.00%], 0 translations [0.00%] dropped due to errors.)
Removing trips travelling too fast...done. (-0 trips [-0.00%])
Removing unreferenced entries... done. (-0 trips [-0.00%], -0 stops [-0.00%], -0 shapes [-0.00%], -0 services [-0.00%], -2 routes [-11.76%], -0 agencies [-0.00%], -0 transfers [-0.00%])
Reclustering stops... done. (-0 clusters) [-0.00%]
Removing service duplicates... done. (-0 services [-0.00%])
Minimizing ids... done.
Outputting GTFS feed to 'pl_Przemy%C5%9Bl.gtfs.zip'... done.
Parsing GTFS feed in 'pl_Radom.gtfs.zip' ... done. (0 trips [0.00%], 0 stop times [0.00%], 0 stops [0.00%], 0 shapes [0.00%], 0 services [0.00%], 0 routes [0.00%], 0 agencies [0.00%], 0 transfers [0.00%], 0 pathways [0.00%], 0 levels [0.00%], 0 fare attributes [0.00%], 0 translations [0.00%] dropped due to errors.)
Removing trips travelling too fast...done. (-0 trips [-0.00%])
Removing unreferenced entries... done. (-0 trips [-0.00%], -4 stops [-0.57%], -0 shapes [-0.00%], -0 services [-0.00%], -0 routes [-0.00%], -0 agencies [-0.00%], -0 transfers [-0.00%])
Reclustering stops... done. (-154 clusters) [-22.19%]
Removing service duplicates... done. (-0 services [-0.00%])
Minimizing ids... done.
Outputting GTFS feed to 'pl_Radom.gtfs.zip'... done.
Parsing GTFS feed in 'pl_RegioJet.gtfs.zip' ... done. (0 trips [0.00%], 0 stop times [0.00%], 0 stops [0.00%], 0 shapes [0.00%], 0 services [0.00%], 0 routes [0.00%], 0 agencies [0.00%], 0 transfers [0.00%], 0 pathways [0.00%], 0 levels [0.00%], 0 fare attributes [0.00%], 0 translations [0.00%] dropped due to errors.)
Removing trips travelling too fast...done. (-0 trips [-0.00%])
Removing unreferenced entries... done. (-0 trips [-0.00%], -0 stops [-0.00%], -0 shapes [-0.00%], -0 services [-0.00%], -0 routes [-0.00%], -0 agencies [-0.00%], -0 transfers [-0.00%])
Reclustering stops... done. (-0 clusters) [-0.00%]
Removing service duplicates... done. (-0 services [-0.00%])
Minimizing ids... done.
Outputting GTFS feed to 'pl_RegioJet.gtfs.zip'... done.
Parsing GTFS feed in 'pl_Rybnik.gtfs.zip' ... done. (0 trips [0.00%], 0 stop times [0.00%], 0 stops [0.00%], 0 shapes [0.00%], 0 services [0.00%], 0 routes [0.00%], 0 agencies [0.00%], 0 transfers [0.00%], 0 pathways [0.00%], 0 levels [0.00%], 0 fare attributes [0.00%], 0 translations [0.00%] dropped due to errors.)
Removing trips travelling too fast...done. (-0 trips [-0.00%])
Removing unreferenced entries... done. (-0 trips [-0.00%], -0 stops [-0.00%], -0 shapes [-0.00%], -0 services [-0.00%], -0 routes [-0.00%], -0 agencies [-0.00%], -0 transfers [-0.00%])
Reclustering stops... done. (-197 clusters) [-29.62%]
Removing service duplicates... done. (-0 services [-0.00%])
Minimizing ids... done.
Outputting GTFS feed to 'pl_Rybnik.gtfs.zip'... done.
Parsing GTFS feed in 'pl_Rzesz%C3%B3w.gtfs.zip' ... done. (0 trips [0.00%], 0 stop times [0.00%], 0 stops [0.00%], 0 shapes [0.00%], 0 services [0.00%], 0 routes [0.00%], 0 agencies [0.00%], 0 transfers [0.00%], 0 pathways [0.00%], 0 levels [0.00%], 0 fare attributes [0.00%], 0 translations [0.00%] dropped due to errors.)
Removing trips travelling too fast...done. (-0 trips [-0.00%])
Removing unreferenced entries... done. (-1344 trips [-14.74%], -1 stops [-0.11%], -0 shapes [-0.00%], -0 services [-0.00%], -330 routes [-56.90%], -0 agencies [-0.00%], -0 transfers [-0.00%])
Reclustering stops... done. (-200 clusters) [-21.91%]
Removing service duplicates... done. (-0 services [-0.00%])
Minimizing ids... done.
Outputting GTFS feed to 'pl_Rzesz%C3%B3w.gtfs.zip'... done.
Parsing GTFS feed in 'pl_S%C5%82upsk.gtfs.zip' ... done. (0 trips [0.00%], 0 stop times [0.00%], 0 stops [0.00%], 0 shapes [0.00%], 0 services [0.00%], 0 routes [0.00%], 0 agencies [0.00%], 0 transfers [0.00%], 0 pathways [0.00%], 0 levels [0.00%], 0 fare attributes [0.00%], 0 translations [0.00%] dropped due to errors.)
Removing trips travelling too fast...done. (-0 trips [-0.00%])
Removing unreferenced entries... done. (-0 trips [-0.00%], -0 stops [-0.00%], -0 shapes [-0.00%], -0 services [-0.00%], -0 routes [-0.00%], -0 agencies [-0.00%], -0 transfers [-0.00%])
Reclustering stops... done. (-17 clusters) [-5.14%]
Removing service duplicates... done. (-0 services [-0.00%])
Minimizing ids... done.
Outputting GTFS feed to 'pl_S%C5%82upsk.gtfs.zip'... done.
Parsing GTFS feed in 'pl_SKM-Warszawa.gtfs.zip' ... done. (0 trips [0.00%], 0 stop times [0.00%], 0 stops [0.00%], 0 shapes [0.00%], 0 services [0.00%], 0 routes [0.00%], 0 agencies [0.00%], 0 transfers [0.00%], 0 pathways [0.00%], 0 levels [0.00%], 0 fare attributes [0.00%], 0 translations [0.00%] dropped due to errors.)
Removing trips travelling too fast...done. (-0 trips [-0.00%])
Removing unreferenced entries... done. (-0 trips [-0.00%], -0 stops [-0.00%], -0 shapes [-0.00%], -0 services [-0.00%], -0 routes [-0.00%], -0 agencies [-0.00%], -0 transfers [-0.00%])
Reclustering stops... done. (-0 clusters) [-0.00%]
Removing service duplicates... done. (-0 services [-0.00%])
Minimizing ids... done.
Outputting GTFS feed to 'pl_SKM-Warszawa.gtfs.zip'... done.
Parsing GTFS feed in 'pl_Skar%C5%BCysko-Kamienna.gtfs.zip' ... done. (0 trips [0.00%], 0 stop times [0.00%], 0 stops [0.00%], 0 shapes [0.00%], 0 services [0.00%], 0 routes [0.00%], 0 agencies [0.00%], 0 transfers [0.00%], 0 pathways [0.00%], 0 levels [0.00%], 0 fare attributes [0.00%], 0 translations [0.00%] dropped due to errors.)
Removing trips travelling too fast...done. (-0 trips [-0.00%])
Removing unreferenced entries... done. (-0 trips [-0.00%], -13 stops [-5.68%], -0 shapes [-0.00%], -0 services [-0.00%], -0 routes [-0.00%], -0 agencies [-0.00%], -0 transfers [-0.00%])
Reclustering stops... done. (-0 clusters) [-0.00%]
Removing service duplicates... done. (-0 services [-0.00%])
Minimizing ids... done.
Outputting GTFS feed to 'pl_Skar%C5%BCysko-Kamienna.gtfs.zip'... done.
Parsing GTFS feed in 'pl_Sochaczew.gtfs.zip' ... done. (0 trips [0.00%], 0 stop times [0.00%], 0 stops [0.00%], 0 shapes [0.00%], 0 services [0.00%], 0 routes [0.00%], 0 agencies [0.00%], 0 transfers [0.00%], 0 pathways [0.00%], 0 levels [0.00%], 0 fare attributes [0.00%], 0 translations [0.00%] dropped due to errors.)
Removing trips travelling too fast...done. (-0 trips [-0.00%])
Removing unreferenced entries... done. (-0 trips [-0.00%], -0 stops [-0.00%], -0 shapes [-0.00%], -0 services [-0.00%], -0 routes [-0.00%], -0 agencies [-0.00%], -0 transfers [-0.00%])
Reclustering stops... done. (-14 clusters) [-7.57%]
Removing service duplicates... done. (-0 services [-0.00%])
Minimizing ids... done.
Outputting GTFS feed to 'pl_Sochaczew.gtfs.zip'... done.
Parsing GTFS feed in 'pl_Suchowola.gtfs.zip' ... done. (0 trips [0.00%], 0 stop times [0.00%], 0 stops [0.00%], 0 shapes [0.00%], 0 services [0.00%], 0 routes [0.00%], 0 agencies [0.00%], 0 transfers [0.00%], 0 pathways [0.00%], 0 levels [0.00%], 0 fare attributes [0.00%], 0 translations [0.00%] dropped due to errors.)
Removing trips travelling too fast...done. (-0 trips [-0.00%])
Removing unreferenced entries... done. (-0 trips [-0.00%], -0 stops [-0.00%], -0 shapes [-0.00%], -4 services [-66.66%], -0 routes [-0.00%], -0 agencies [-0.00%], -0 transfers [-0.00%])
Reclustering stops... done. (-0 clusters) [-0.00%]
Removing service duplicates... done. (-0 services [-0.00%])
Minimizing ids... done.
Outputting GTFS feed to 'pl_Suchowola.gtfs.zip'... done.
Parsing GTFS feed in 'pl_Suwa%C5%82ki.gtfs.zip' ... done. (0 trips [0.00%], 0 stop times [0.00%], 0 stops [0.00%], 0 shapes [0.00%], 0 services [0.00%], 0 routes [0.00%], 0 agencies [0.00%], 0 transfers [0.00%], 0 pathways [0.00%], 0 levels [0.00%], 0 fare attributes [0.00%], 0 translations [0.00%] dropped due to errors.)
Removing trips travelling too fast...done. (-0 trips [-0.00%])
Removing unreferenced entries... done. (-0 trips [-0.00%], -0 stops [-0.00%], -0 shapes [-0.00%], -0 services [-0.00%], -0 routes [-0.00%], -0 agencies [-0.00%], -0 transfers [-0.00%])
Reclustering stops... done. (-25 clusters) [-7.60%]
Removing service duplicates... done. (-0 services [-0.00%])
Minimizing ids... done.
Outputting GTFS feed to 'pl_Suwa%C5%82ki.gtfs.zip'... done.
Parsing GTFS feed in 'pl_Szczecin.gtfs.zip' ... done. (0 trips [0.00%], 0 stop times [0.00%], 0 stops [0.00%], 0 shapes [0.00%], 0 services [0.00%], 0 routes [0.00%], 0 agencies [0.00%], 0 transfers [0.00%], 0 pathways [0.00%], 0 levels [0.00%], 0 fare attributes [0.00%], 0 translations [0.00%] dropped due to errors.)
Removing trips travelling too fast...done. (-0 trips [-0.00%])
Removing unreferenced entries... done. (-0 trips [-0.00%], -110 stops [-6.71%], -0 shapes [-0.00%], -6 services [-21.43%], -1 routes [-1.04%], -0 agencies [-0.00%], -41 transfers [-4.43%])
Reclustering stops... done. (-676 clusters) [-44.18%]
Removing service duplicates... done. (-10 services [-45.45%])
Minimizing ids... done.
Outputting GTFS feed to 'pl_Szczecin.gtfs.zip'... done.
Parsing GTFS feed in 'pl_Tczew.gtfs.zip' ... done. (0 trips [0.00%], 0 stop times [0.00%], 0 stops [0.00%], 0 shapes [0.00%], 0 services [0.00%], 0 routes [0.00%], 0 agencies [0.00%], 0 transfers [0.00%], 0 pathways [0.00%], 0 levels [0.00%], 0 fare attributes [0.00%], 0 translations [0.00%] dropped due to errors.)
Removing trips travelling too fast...done. (-0 trips [-0.00%])
Removing unreferenced entries... done. (-0 trips [-0.00%], -0 stops [-0.00%], -0 shapes [-0.00%], -0 services [-0.00%], -0 routes [-0.00%], -0 agencies [-0.00%], -0 transfers [-0.00%])
Reclustering stops... done. (-0 clusters) [-0.00%]
Removing service duplicates... done. (-0 services [-0.00%])
Minimizing ids... done.
Outputting GTFS feed to 'pl_Tczew.gtfs.zip'... done.
Parsing GTFS feed in 'pl_Toru%C5%84.gtfs.zip' ... done. (0 trips [0.00%], 0 stop times [0.00%], 0 stops [0.00%], 0 shapes [0.00%], 0 services [0.00%], 0 routes [0.00%], 0 agencies [0.00%], 0 transfers [0.00%], 0 pathways [0.00%], 0 levels [0.00%], 0 fare attributes [0.00%], 0 translations [0.00%] dropped due to errors.)
Removing trips travelling too fast...done. (-0 trips [-0.00%])
Removing unreferenced entries... done. (-0 trips [-0.00%], -0 stops [-0.00%], -0 shapes [-0.00%], -0 services [-0.00%], -0 routes [-0.00%], -1 agencies [-49.98%], -0 transfers [-0.00%])
Reclustering stops... done. (-337 clusters) [-37.53%]
Removing service duplicates... done. (-0 services [-0.00%])
Minimizing ids... done.
Outputting GTFS feed to 'pl_Toru%C5%84.gtfs.zip'... done.
Parsing GTFS feed in 'pl_TransportGZM.gtfs.zip' ... done. (0 trips [0.00%], 0 stop times [0.00%], 0 stops [0.00%], 0 shapes [0.00%], 0 services [0.00%], 0 routes [0.00%], 0 agencies [0.00%], 0 transfers [0.00%], 0 pathways [0.00%], 0 levels [0.00%], 0 fare attributes [0.00%], 0 translations [0.00%] dropped due to errors.)
Removing trips travelling too fast...done. (-0 trips [-0.00%])
Removing unreferenced entries... done. (-0 trips [-0.00%], -6 stops [-0.08%], -0 shapes [-0.00%], -0 services [-0.00%], -684 routes [-16.62%], -0 agencies [-0.00%], -0 transfers [-0.00%])
Reclustering stops... done. (-3081 clusters) [-43.04%]
Removing service duplicates... done. (-4 services [-10.26%])
Minimizing ids... done.
Outputting GTFS feed to 'pl_TransportGZM.gtfs.zip'... done.
Parsing GTFS feed in 'pl_Tribus.gtfs.zip' ... done. (0 trips [0.00%], 0 stop times [0.00%], 0 stops [0.00%], 0 shapes [0.00%], 0 services [0.00%], 0 routes [0.00%], 0 agencies [0.00%], 0 transfers [0.00%], 0 pathways [0.00%], 0 levels [0.00%], 0 fare attributes [0.00%], 0 translations [0.00%] dropped due to errors.)
Removing trips travelling too fast...done. (-0 trips [-0.00%])
Removing unreferenced entries... done. (-0 trips [-0.00%], -5 stops [-0.44%], -0 shapes [-0.00%], -1 services [-20.00%], -0 routes [-0.00%], -0 agencies [-0.00%], -0 transfers [-0.00%])
Reclustering stops... done. (-350 clusters) [-30.73%]
Removing service duplicates... done. (-0 services [-0.00%])
Minimizing ids... done.
Outputting GTFS feed to 'pl_Tribus.gtfs.zip'... done.
Parsing GTFS feed in 'pl_Turo%C5%9B%C5%84-Ko%C5%9Bcielna.gtfs.zip' ... done. (0 trips [0.00%], 0 stop times [0.00%], 0 stops [0.00%], 0 shapes [0.00%], 0 services [0.00%], 0 routes [0.00%], 0 agencies [0.00%], 0 transfers [0.00%], 0 pathways [0.00%], 0 levels [0.00%], 0 fare attributes [0.00%], 0 translations [0.00%] dropped due to errors.)
Removing trips travelling too fast...done. (-0 trips [-0.00%])
Removing unreferenced entries... done. (-0 trips [-0.00%], -0 stops [-0.00%], -0 shapes [-0.00%], -0 services [-0.00%], -0 routes [-0.00%], -0 agencies [-0.00%], -0 transfers [-0.00%])
Reclustering stops... done. (-0 clusters) [-0.00%]
Removing service duplicates... done. (-0 services [-0.00%])
Minimizing ids... done.
Outputting GTFS feed to 'pl_Turo%C5%9B%C5%84-Ko%C5%9Bcielna.gtfs.zip'... done.
Parsing GTFS feed in 'pl_Warsaw-Ferries.gtfs.zip' ... done. (0 trips [0.00%], 0 stop times [0.00%], 0 stops [0.00%], 0 shapes [0.00%], 0 services [0.00%], 0 routes [0.00%], 0 agencies [0.00%], 0 transfers [0.00%], 0 pathways [0.00%], 0 levels [0.00%], 0 fare attributes [0.00%], 0 translations [0.00%] dropped due to errors.)
Removing trips travelling too fast...done. (-0 trips [-0.00%])
Removing unreferenced entries... done. (-0 trips [-0.00%], -8 stops [-99.99%], -0 shapes [-0.00%], -2 services [-99.95%], -4 routes [-99.98%], -2 agencies [-99.95%], -0 transfers [-0.00%])
Reclustering stops... Parsing GTFS feed in 'pl_Warszawa.gtfs.zip' ... done. (0 trips [0.00%], 0 stop times [0.00%], 0 stops [0.00%], 0 shapes [0.00%], 0 services [0.00%], 0 routes [0.00%], 0 agencies [0.00%], 0 transfers [0.00%], 0 pathways [0.00%], 0 levels [0.00%], 0 fare attributes [0.00%], 0 translations [0.00%] dropped due to errors.)
Removing trips travelling too fast...done. (-0 trips [-0.00%])
Removing unreferenced entries... done. (-548 trips [-0.43%], -0 stops [-0.00%], -0 shapes [-0.00%], -0 services [-0.00%], -0 routes [-0.00%], -0 agencies [-0.00%], -0 transfers [-0.00%])
Reclustering stops... done. (-2584 clusters) [-37.98%]
Removing service duplicates... done. (-1 services [-11.11%])
Minimizing ids... done.
Outputting GTFS feed to 'pl_Warszawa.gtfs.zip'... done.
Parsing GTFS feed in 'pl_Warszawska-Kolej-Dojazdowa.gtfs.zip' ... done. (0 trips [0.00%], 0 stop times [0.00%], 0 stops [0.00%], 0 shapes [0.00%], 0 services [0.00%], 0 routes [0.00%], 0 agencies [0.00%], 0 transfers [0.00%], 0 pathways [0.00%], 0 levels [0.00%], 0 fare attributes [0.00%], 0 translations [0.00%] dropped due to errors.)
Removing trips travelling too fast...done. (-0 trips [-0.00%])
Removing unreferenced entries... done. (-0 trips [-0.00%], -0 stops [-0.00%], -0 shapes [-0.00%], -0 services [-0.00%], -0 routes [-0.00%], -0 agencies [-0.00%], -0 transfers [-0.00%])
Reclustering stops... done. (-0 clusters) [-0.00%]
Removing service duplicates... done. (-0 services [-0.00%])
Minimizing ids... done.
Outputting GTFS feed to 'pl_Warszawska-Kolej-Dojazdowa.gtfs.zip'... done.
Parsing GTFS feed in 'pl_Wejherowo.gtfs.zip' ... done. (0 trips [0.00%], 0 stop times [0.00%], 0 stops [0.00%], 0 shapes [0.00%], 0 services [0.00%], 0 routes [0.00%], 0 agencies [0.00%], 0 transfers [0.00%], 0 pathways [0.00%], 0 levels [0.00%], 0 fare attributes [0.00%], 0 translations [0.00%] dropped due to errors.)
Removing trips travelling too fast...done. (-0 trips [-0.00%])
Removing unreferenced entries... done. (-0 trips [-0.00%], -3 stops [-0.81%], -0 shapes [-0.00%], -0 services [-0.00%], -0 routes [-0.00%], -0 agencies [-0.00%], -0 transfers [-0.00%])
Reclustering stops... done. (-10 clusters) [-2.71%]
Removing service duplicates... done. (-0 services [-0.00%])
Minimizing ids... done.
Outputting GTFS feed to 'pl_Wejherowo.gtfs.zip'... done.
Parsing GTFS feed in 'pl_Wsch%C3%B3d-Express.gtfs.zip' ... done. (0 trips [0.00%], 0 stop times [0.00%], 0 stops [0.00%], 0 shapes [0.00%], 0 services [0.00%], 0 routes [0.00%], 0 agencies [0.00%], 0 transfers [0.00%], 0 pathways [0.00%], 0 levels [0.00%], 0 fare attributes [0.00%], 0 translations [0.00%] dropped due to errors.)
Removing trips travelling too fast...done. (-0 trips [-0.00%])
Removing unreferenced entries... done. (-0 trips [-0.00%], -0 stops [-0.00%], -0 shapes [-0.00%], -0 services [-0.00%], -0 routes [-0.00%], -1 agencies [-16.66%], -0 transfers [-0.00%])
Reclustering stops... done. (-90 clusters) [-21.63%]
Removing service duplicates... done. (-0 services [-0.00%])
Minimizing ids... done.
Outputting GTFS feed to 'pl_Wsch%C3%B3d-Express.gtfs.zip'... done.
Parsing GTFS feed in 'pl_Z%C4%85bki.gtfs.zip' ... done. (0 trips [0.00%], 0 stop times [0.00%], 0 stops [0.00%], 0 shapes [0.00%], 0 services [0.00%], 0 routes [0.00%], 0 agencies [0.00%], 0 transfers [0.00%], 0 pathways [0.00%], 0 levels [0.00%], 0 fare attributes [0.00%], 0 translations [0.00%] dropped due to errors.)
Removing trips travelling too fast...done. (-0 trips [-0.00%])
Removing unreferenced entries... done. (-0 trips [-0.00%], -0 stops [-0.00%], -0 shapes [-0.00%], -0 services [-0.00%], -0 routes [-0.00%], -0 agencies [-0.00%], -0 transfers [-0.00%])
Reclustering stops... done. (-0 clusters) [-0.00%]
Removing service duplicates... done. (-0 services [-0.00%])
Minimizing ids... done.
Outputting GTFS feed to 'pl_Z%C4%85bki.gtfs.zip'... done.
Parsing GTFS feed in 'pl_ZTP-Krak%C3%B3w-A.gtfs.zip' ... done. (0 trips [0.00%], 0 stop times [0.00%], 0 stops [0.00%], 0 shapes [0.00%], 0 services [0.00%], 0 routes [0.00%], 0 agencies [0.00%], 0 transfers [0.00%], 0 pathways [0.00%], 0 levels [0.00%], 0 fare attributes [0.00%], 0 translations [0.00%] dropped due to errors.)
Removing trips travelling too fast...done. (-0 trips [-0.00%])
Removing unreferenced entries... done. (-0 trips [-0.00%], -54 stops [-1.79%], -0 shapes [-0.00%], -0 services [-0.00%], -19 routes [-10.27%], -0 agencies [-0.00%], -0 transfers [-0.00%])
Reclustering stops... done. (-1053 clusters) [-35.53%]
Removing service duplicates... done. (-0 services [-0.00%])
Minimizing ids... done.
Outputting GTFS feed to 'pl_ZTP-Krak%C3%B3w-A.gtfs.zip'... done.
Parsing GTFS feed in 'pl_ZTP-Krak%C3%B3w-M.gtfs.zip' ... done. (0 trips [0.00%], 0 stop times [0.00%], 0 stops [0.00%], 0 shapes [0.00%], 0 services [0.00%], 0 routes [0.00%], 0 agencies [0.00%], 0 transfers [0.00%], 0 pathways [0.00%], 0 levels [0.00%], 0 fare attributes [0.00%], 0 translations [0.00%] dropped due to errors.)
Removing trips travelling too fast...done. (-0 trips [-0.00%])
Removing unreferenced entries... done. (-0 trips [-0.00%], -0 stops [-0.00%], -0 shapes [-0.00%], -0 services [-0.00%], -0 routes [-0.00%], -0 agencies [-0.00%], -0 transfers [-0.00%])
Reclustering stops... done. (-141 clusters) [-18.98%]
Removing service duplicates... done. (-0 services [-0.00%])
Minimizing ids... done.
Outputting GTFS feed to 'pl_ZTP-Krak%C3%B3w-M.gtfs.zip'... done.
Parsing GTFS feed in 'pl_ZTP-Krak%C3%B3w-T.gtfs.zip' ... done. (0 trips [0.00%], 0 stop times [0.00%], 0 stops [0.00%], 0 shapes [0.00%], 0 services [0.00%], 0 routes [0.00%], 0 agencies [0.00%], 0 transfers [0.00%], 0 pathways [0.00%], 0 levels [0.00%], 0 fare attributes [0.00%], 0 translations [0.00%] dropped due to errors.)
Removing trips travelling too fast...done. (-0 trips [-0.00%])
Removing unreferenced entries... done. (-1821 trips [-10.87%], -4 stops [-1.19%], -0 shapes [-0.00%], -0 services [-0.00%], -1 routes [-4.35%], -0 agencies [-0.00%], -0 transfers [-0.00%])
Reclustering stops... done. (-23 clusters) [-6.93%]
Removing service duplicates... done. (-0 services [-0.00%])
Minimizing ids... done.
Outputting GTFS feed to 'pl_ZTP-Krak%C3%B3w-T.gtfs.zip'... done.
Parsing GTFS feed in 'pl_%C5%81%C3%B3d%C5%BA.gtfs.zip' ... done. (0 trips [0.00%], 0 stop times [0.00%], 0 stops [0.00%], 0 shapes [0.00%], 0 services [0.00%], 0 routes [0.00%], 0 agencies [0.00%], 0 transfers [0.00%], 0 pathways [0.00%], 0 levels [0.00%], 0 fare attributes [0.00%], 0 translations [0.00%] dropped due to errors.)
Parsing GTFS feed in 'pl_%C5%81%C3%B3dzka-Kolej-Aglomeracyjna.gtfs.zip' ... done. (0 trips [0.00%], 0 stop times [0.00%], 0 stops [0.00%], 0 shapes [0.00%], 0 services [0.00%], 0 routes [0.00%], 0 agencies [0.00%], 0 transfers [0.00%], 0 pathways [0.00%], 0 levels [0.00%], 0 fare attributes [0.00%], 0 translations [0.00%] dropped due to errors.)
Parsing GTFS feed in 'pl_%C5%81om%C5%BCa.gtfs.zip' ... done. (0 trips [0.00%], 0 stop times [0.00%], 0 stops [0.00%], 0 shapes [0.00%], 0 services [0.00%], 0 routes [0.00%], 0 agencies [0.00%], 0 transfers [0.00%], 0 pathways [0.00%], 0 levels [0.00%], 0 fare attributes [0.00%], 0 translations [0.00%] dropped due to errors.)
Parsing GTFS feed in 'pl_%C5%9Awiecie.gtfs.zip' ... done. (0 trips [0.00%], 0 stop times [0.00%], 0 stops [0.00%], 0 shapes [0.00%], 0 services [0.00%], 0 routes [0.00%], 0 agencies [0.00%], 0 transfers [0.00%], 0 pathways [0.00%], 0 levels [0.00%], 0 fare attributes [0.00%], 0 translations [0.00%] dropped due to errors.)
Parsing GTFS feed in 'pl_%C5%9Awinouj%C5%9Bcie.gtfs.zip' ... done. (0 trips [0.00%], 0 stop times [0.00%], 0 stops [0.00%], 0 shapes [0.00%], 0 services [0.00%], 0 routes [0.00%], 0 agencies [0.00%], 0 transfers [0.00%], 0 pathways [0.00%], 0 levels [0.00%], 0 fare attributes [0.00%], 0 translations [0.00%] dropped due to errors.)
Parsing GTFS feed in 'pl_%C5%BByrard%C3%B3w.gtfs.zip' ... done. (0 trips [0.00%], 0 stop times [0.00%], 0 stops [0.00%], 0 shapes [0.00%], 0 services [0.00%], 0 routes [0.00%], 0 agencies [0.00%], 0 transfers [0.00%], 0 pathways [0.00%], 0 levels [0.00%], 0 fare attributes [0.00%], 0 translations [0.00%] dropped due to errors.)
Parsing GTFS feed in 'pl_Arriva.gtfs.zip' ... done. (0 trips [0.00%], 0 stop times [0.00%], 0 stops [0.00%], 0 shapes [0.00%], 0 services [0.00%], 0 routes [0.00%], 0 agencies [0.00%], 0 transfers [0.00%], 0 pathways [0.00%], 0 levels [0.00%], 0 fare attributes [0.00%], 0 translations [0.00%] dropped due to errors.)
Parsing GTFS feed in 'pl_August%C3%B3w.gtfs.zip' ... done. (0 trips [0.00%], 0 stop times [0.00%], 0 stops [0.00%], 0 shapes [0.00%], 0 services [0.00%], 0 routes [0.00%], 0 agencies [0.00%], 0 transfers [0.00%], 0 pathways [0.00%], 0 levels [0.00%], 0 fare attributes [0.00%], 0 translations [0.00%] dropped due to errors.)
Parsing GTFS feed in 'pl_Bia%C5%82ystok.gtfs.zip' ... done. (0 trips [0.00%], 0 stop times [0.00%], 0 stops [0.00%], 0 shapes [0.00%], 0 services [0.00%], 0 routes [0.00%], 0 agencies [0.00%], 0 transfers [0.00%], 0 pathways [0.00%], 0 levels [0.00%], 0 fare attributes [0.00%], 0 translations [0.00%] dropped due to errors.)
Parsing GTFS feed in 'pl_Bielsk-Podlaski.gtfs.zip' ... done. (0 trips [0.00%], 0 stop times [0.00%], 0 stops [0.00%], 0 shapes [0.00%], 0 services [0.00%], 0 routes [0.00%], 0 agencies [0.00%], 0 transfers [0.00%], 0 pathways [0.00%], 0 levels [0.00%], 0 fare attributes [0.00%], 0 translations [0.00%] dropped due to errors.)
Parsing GTFS feed in 'pl_Bielsko-Bia%C5%82a.gtfs.zip' ... done. (0 trips [0.00%], 0 stop times [0.00%], 0 stops [0.00%], 0 shapes [0.00%], 0 services [0.00%], 0 routes [0.00%], 0 agencies [0.00%], 0 transfers [0.00%], 0 pathways [0.00%], 0 levels [0.00%], 0 fare attributes [0.00%], 0 translations [0.00%] dropped due to errors.)
Parsing GTFS feed in 'pl_Bydgoszcz.gtfs.zip' ... done. (0 trips [0.00%], 0 stop times [0.00%], 0 stops [0.00%], 0 shapes [0.00%], 0 services [0.00%], 0 routes [0.00%], 0 agencies [0.00%], 0 transfers [0.00%], 0 pathways [0.00%], 0 levels [0.00%], 0 fare attributes [0.00%], 0 translations [0.00%] dropped due to errors.)
Parsing GTFS feed in 'pl_Ciechan%C3%B3w.gtfs.zip' ... done. (0 trips [0.00%], 0 stop times [0.00%], 0 stops [0.00%], 0 shapes [0.00%], 0 services [0.00%], 0 routes [0.00%], 0 agencies [0.00%], 0 transfers [0.00%], 0 pathways [0.00%], 0 levels [0.00%], 0 fare attributes [0.00%], 0 translations [0.00%] dropped due to errors.)
Parsing GTFS feed in 'pl_D%C4%85br%C3%B3wka.gtfs.zip' ... done. (0 trips [0.00%], 0 stop times [0.00%], 0 stops [0.00%], 0 shapes [0.00%], 0 services [0.00%], 0 routes [0.00%], 0 agencies [0.00%], 0 transfers [0.00%], 0 pathways [0.00%], 0 levels [0.00%], 0 fare attributes [0.00%], 0 translations [0.00%] dropped due to errors.)
Parsing GTFS feed in 'pl_E%C5%82k.gtfs.zip' ... done. (0 trips [0.00%], 0 stop times [0.00%], 0 stops [0.00%], 0 shapes [0.00%], 0 services [0.00%], 0 routes [0.00%], 0 agencies [0.00%], 0 transfers [0.00%], 0 pathways [0.00%], 0 levels [0.00%], 0 fare attributes [0.00%], 0 translations [0.00%] dropped due to errors.)
Parsing GTFS feed in 'pl_Elbl%C4%85g.gtfs.zip' ... done. (0 trips [0.00%], 0 stop times [0.00%], 0 stops [0.00%], 0 shapes [0.00%], 0 services [0.00%], 0 routes [0.00%], 0 agencies [0.00%], 0 transfers [0.00%], 0 pathways [0.00%], 0 levels [0.00%], 0 fare attributes [0.00%], 0 translations [0.00%] dropped due to errors.)
Parsing GTFS feed in 'pl_Gda%C5%84sk.gtfs.zip' ... done. (0 trips [0.00%], 0 stop times [0.00%], 0 stops [0.00%], 0 shapes [0.00%], 0 services [0.00%], 0 routes [0.00%], 0 agencies [0.00%], 0 transfers [0.00%], 0 pathways [0.00%], 0 levels [0.00%], 0 fare attributes [0.00%], 0 translations [0.00%] dropped due to errors.)
Parsing GTFS feed in 'pl_Gdynia.gtfs.zip' ... done. (0 trips [0.00%], 0 stop times [0.00%], 0 stops [0.00%], 0 shapes [0.00%], 0 services [0.00%], 0 routes [0.00%], 0 agencies [0.00%], 0 transfers [0.00%], 0 pathways [0.00%], 0 levels [0.00%], 0 fare attributes [0.00%], 0 translations [0.00%] dropped due to errors.)
Parsing GTFS feed in 'pl_Gi%C5%BCycko.gtfs.zip' ... done. (0 trips [0.00%], 0 stop times [0.00%], 0 stops [0.00%], 0 shapes [0.00%], 0 services [0.00%], 0 routes [0.00%], 0 agencies [0.00%], 0 transfers [0.00%], 0 pathways [0.00%], 0 levels [0.00%], 0 fare attributes [0.00%], 0 translations [0.00%] dropped due to errors.)
Parsing GTFS feed in 'pl_Gorz%C3%B3w-Wielkopolski.gtfs.zip' ... done. (0 trips [0.00%], 0 stop times [0.00%], 0 stops [0.00%], 0 shapes [0.00%], 0 services [0.00%], 0 routes [0.00%], 0 agencies [0.00%], 0 transfers [0.00%], 0 pathways [0.00%], 0 levels [0.00%], 0 fare attributes [0.00%], 0 translations [0.00%] dropped due to errors.)
Parsing GTFS feed in 'pl_Grodziskie-Przewozy-Autobusowe.gtfs.zip' ... done. (0 trips [0.00%], 0 stop times [0.00%], 0 stops [0.00%], 0 shapes [0.00%], 0 services [0.00%], 0 routes [0.00%], 0 agencies [0.00%], 0 transfers [0.00%], 0 pathways [0.00%], 0 levels [0.00%], 0 fare attributes [0.00%], 0 translations [0.00%] dropped due to errors.)
Parsing GTFS feed in 'pl_Jastrz%C4%99bie-Zdr%C3%B3j.gtfs.zip' ... done. (0 trips [0.00%], 0 stop times [0.00%], 0 stops [0.00%], 0 shapes [0.00%], 0 services [0.00%], 0 routes [0.00%], 0 agencies [0.00%], 0 transfers [0.00%], 0 pathways [0.00%], 0 levels [0.00%], 0 fare attributes [0.00%], 0 translations [0.00%] dropped due to errors.)
Parsing GTFS feed in 'pl_Kielce.gtfs.zip' ... done. (0 trips [0.00%], 0 stop times [0.00%], 0 stops [0.00%], 0 shapes [0.00%], 0 services [0.00%], 0 routes [0.00%], 0 agencies [0.00%], 0 transfers [0.00%], 0 pathways [0.00%], 0 levels [0.00%], 0 fare attributes [0.00%], 0 translations [0.00%] dropped due to errors.)
Parsing GTFS feed in 'pl_Koleje-%C5%9Al%C4%85skie.gtfs.zip' ... done. (0 trips [0.00%], 0 stop times [0.00%], 0 stops [0.00%], 0 shapes [0.00%], 0 services [0.00%], 0 routes [0.00%], 0 agencies [0.00%], 0 transfers [0.00%], 0 pathways [0.00%], 0 levels [0.00%], 0 fare attributes [0.00%], 0 translations [0.00%] dropped due to errors.)
Parsing GTFS feed in 'pl_Koleje-Dolno%C5%9Bl%C4%85skie.gtfs.zip' ... done. (0 trips [0.00%], 0 stop times [0.00%], 0 stops [0.00%], 0 shapes [0.00%], 0 services [0.00%], 0 routes [0.00%], 0 agencies [0.00%], 0 transfers [0.00%], 0 pathways [0.00%], 0 levels [0.00%], 0 fare attributes [0.00%], 0 translations [0.00%] dropped due to errors.)
Parsing GTFS feed in 'pl_Koleje-Ma%C5%82opolskie-ald.gtfs.zip' ... done. (0 trips [0.00%], 0 stop times [0.00%], 0 stops [0.00%], 0 shapes [0.00%], 0 services [0.00%], 0 routes [0.00%], 0 agencies [0.00%], 0 transfers [0.00%], 0 pathways [0.00%], 0 levels [0.00%], 0 fare attributes [0.00%], 0 translations [0.00%] dropped due to errors.)
Parsing GTFS feed in 'pl_Koleje-Ma%C5%82opolskie.gtfs.zip' ... done. (0 trips [0.00%], 0 stop times [0.00%], 0 stops [0.00%], 0 shapes [0.00%], 0 services [0.00%], 0 routes [0.00%], 0 agencies [0.00%], 0 transfers [0.00%], 0 pathways [0.00%], 0 levels [0.00%], 0 fare attributes [0.00%], 0 translations [0.00%] dropped due to errors.)
Parsing GTFS feed in 'pl_Koleje-Mazowieckie.gtfs.zip' ... done. (0 trips [0.00%], 0 stop times [0.00%], 0 stops [0.00%], 0 shapes [0.00%], 0 services [0.00%], 0 routes [0.00%], 0 agencies [0.00%], 0 transfers [0.00%], 0 pathways [0.00%], 0 levels [0.00%], 0 fare attributes [0.00%], 0 translations [0.00%] dropped due to errors.)
Parsing GTFS feed in 'pl_Koleje-Wielkopolskie.gtfs.zip' ... done. (0 trips [0.00%], 0 stop times [0.00%], 0 stops [0.00%], 0 shapes [0.00%], 0 services [0.00%], 0 routes [0.00%], 0 agencies [0.00%], 0 transfers [0.00%], 0 pathways [0.00%], 0 levels [0.00%], 0 fare attributes [0.00%], 0 translations [0.00%] dropped due to errors.)
Parsing GTFS feed in 'pl_Kombus-%C5%9Aroda-Wielkopolska.gtfs.zip' ... done. (0 trips [0.00%], 0 stop times [0.00%], 0 stops [0.00%], 0 shapes [0.00%], 0 services [0.00%], 0 routes [0.00%], 0 agencies [0.00%], 0 transfers [0.00%], 0 pathways [0.00%], 0 levels [0.00%], 0 fare attributes [0.00%], 0 translations [0.00%] dropped due to errors.)
Parsing GTFS feed in 'pl_Kombus-K%C3%B3rnik.gtfs.zip' ... done. (0 trips [0.00%], 0 stop times [0.00%], 0 stops [0.00%], 0 shapes [0.00%], 0 services [0.00%], 0 routes [0.00%], 0 agencies [0.00%], 0 transfers [0.00%], 0 pathways [0.00%], 0 levels [0.00%], 0 fare attributes [0.00%], 0 translations [0.00%] dropped due to errors.)
Parsing GTFS feed in 'pl_Komunikacja-Beskidzka.gtfs.zip' ... done. (0 trips [0.00%], 0 stop times [0.00%], 0 stops [0.00%], 0 shapes [0.00%], 0 services [0.00%], 0 routes [0.00%], 0 agencies [0.00%], 0 transfers [0.00%], 0 pathways [0.00%], 0 levels [0.00%], 0 fare attributes [0.00%], 0 translations [0.00%] dropped due to errors.)
Parsing GTFS feed in 'pl_Kutno.gtfs.zip' ... done. (0 trips [0.00%], 0 stop times [0.00%], 0 stops [0.00%], 0 shapes [0.00%], 0 services [0.00%], 0 routes [0.00%], 0 agencies [0.00%], 0 transfers [0.00%], 0 pathways [0.00%], 0 levels [0.00%], 0 fare attributes [0.00%], 0 translations [0.00%] dropped due to errors.)
Parsing GTFS feed in 'pl_Legnica.gtfs.zip' ... done. (0 trips [0.00%], 0 stop times [0.00%], 0 stops [0.00%], 0 shapes [0.00%], 0 services [0.00%], 0 routes [0.00%], 0 agencies [0.00%], 0 transfers [0.00%], 0 pathways [0.00%], 0 levels [0.00%], 0 fare attributes [0.00%], 0 translations [0.00%] dropped due to errors.)
Parsing GTFS feed in 'pl_Lublin.gtfs.zip' ... done. (0 trips [0.00%], 0 stop times [0.00%], 0 stops [0.00%], 0 shapes [0.00%], 0 services [0.00%], 0 routes [0.00%], 0 agencies [0.00%], 0 transfers [0.00%], 0 pathways [0.00%], 0 levels [0.00%], 0 fare attributes [0.00%], 0 translations [0.00%] dropped due to errors.)
Parsing GTFS feed in 'pl_MPK-Wroc%C5%82aw.gtfs.zip' ... done. (0 trips [0.00%], 0 stop times [0.00%], 0 stops [0.00%], 0 shapes [0.00%], 0 services [0.00%], 0 routes [0.00%], 0 agencies [0.00%], 0 transfers [0.00%], 0 pathways [0.00%], 0 levels [0.00%], 0 fare attributes [0.00%], 0 translations [0.00%] dropped due to errors.)
Parsing GTFS feed in 'pl_MZK-E%C5%82k.gtfs.zip' ... done. (0 trips [0.00%], 0 stop times [0.00%], 0 stops [0.00%], 0 shapes [0.00%], 0 services [0.00%], 0 routes [0.00%], 0 agencies [0.00%], 0 transfers [0.00%], 0 pathways [0.00%], 0 levels [0.00%], 0 fare attributes [0.00%], 0 translations [0.00%] dropped due to errors.)
Parsing GTFS feed in 'pl_Mi%C5%84sk-Mazowiecki.gtfs.zip' ... done. (0 trips [0.00%], 0 stop times [0.00%], 0 stops [0.00%], 0 shapes [0.00%], 0 services [0.00%], 0 routes [0.00%], 0 agencies [0.00%], 0 transfers [0.00%], 0 pathways [0.00%], 0 levels [0.00%], 0 fare attributes [0.00%], 0 translations [0.00%] dropped due to errors.)
Parsing GTFS feed in 'pl_Mor%C4%85g.gtfs.zip' ... done. (0 trips [0.00%], 0 stop times [0.00%], 0 stops [0.00%], 0 shapes [0.00%], 0 services [0.00%], 0 routes [0.00%], 0 agencies [0.00%], 0 transfers [0.00%], 0 pathways [0.00%], 0 levels [0.00%], 0 fare attributes [0.00%], 0 translations [0.00%] dropped due to errors.)
Parsing GTFS feed in 'pl_Nowy-Dw%C3%B3r-Mazowiecki.gtfs.zip' ... done. (0 trips [0.00%], 0 stop times [0.00%], 0 stops [0.00%], 0 shapes [0.00%], 0 services [0.00%], 0 routes [0.00%], 0 agencies [0.00%], 0 transfers [0.00%], 0 pathways [0.00%], 0 levels [0.00%], 0 fare attributes [0.00%], 0 translations [0.00%] dropped due to errors.)
Parsing GTFS feed in 'pl_O%C5%9Bwi%C4%99cim.gtfs.zip' ... done. (0 trips [0.00%], 0 stop times [0.00%], 0 stops [0.00%], 0 shapes [0.00%], 0 services [0.00%], 0 routes [0.00%], 0 agencies [0.00%], 0 transfers [0.00%], 0 pathways [0.00%], 0 levels [0.00%], 0 fare attributes [0.00%], 0 translations [0.00%] dropped due to errors.)
Parsing GTFS feed in 'pl_Olsztyn.gtfs.zip' ... done. (0 trips [0.00%], 0 stop times [0.00%], 0 stops [0.00%], 0 shapes [0.00%], 0 services [0.00%], 0 routes [0.00%], 0 agencies [0.00%], 0 transfers [0.00%], 0 pathways [0.00%], 0 levels [0.00%], 0 fare attributes [0.00%], 0 translations [0.00%] dropped due to errors.)
Parsing GTFS feed in 'pl_Opoczno.gtfs.zip' ... done. (0 trips [0.00%], 0 stop times [0.00%], 0 stops [0.00%], 0 shapes [0.00%], 0 services [0.00%], 0 routes [0.00%], 0 agencies [0.00%], 0 transfers [0.00%], 0 pathways [0.00%], 0 levels [0.00%], 0 fare attributes [0.00%], 0 translations [0.00%] dropped due to errors.)
Parsing GTFS feed in 'pl_Opole.gtfs.zip' ... done. (0 trips [0.00%], 0 stop times [0.00%], 0 stops [0.00%], 0 shapes [0.00%], 0 services [0.00%], 0 routes [0.00%], 0 agencies [0.00%], 0 transfers [0.00%], 0 pathways [0.00%], 0 levels [0.00%], 0 fare attributes [0.00%], 0 translations [0.00%] dropped due to errors.)
Parsing GTFS feed in 'pl_Orneta.gtfs.zip' ... done. (0 trips [0.00%], 0 stop times [0.00%], 0 stops [0.00%], 0 shapes [0.00%], 0 services [0.00%], 0 routes [0.00%], 0 agencies [0.00%], 0 transfers [0.00%], 0 pathways [0.00%], 0 levels [0.00%], 0 fare attributes [0.00%], 0 translations [0.00%] dropped due to errors.)
Parsing GTFS feed in 'pl_Otwock.gtfs.zip' ... done. (0 trips [0.00%], 0 stop times [0.00%], 0 stops [0.00%], 0 shapes [0.00%], 0 services [0.00%], 0 routes [0.00%], 0 agencies [0.00%], 0 transfers [0.00%], 0 pathways [0.00%], 0 levels [0.00%], 0 fare attributes [0.00%], 0 translations [0.00%] dropped due to errors.)
Parsing GTFS feed in 'pl_PKP-Intercity-Germany.gtfs.zip' ... done. (113 trips [0.04%], 938 stop times [0.00%], 0 stops [0.00%], 0 shapes [0.00%], 0 services [0.00%], 4 routes [0.22%], 2 agencies [3.57%], 0 transfers [0.00%], 0 pathways [0.00%], 0 levels [0.00%], 0 fare attributes [0.00%], 0 translations [0.00%] dropped due to errors. Use -W to display them.)
Parsing GTFS feed in 'pl_PKP-Intercity.gtfs.zip' ... done. (113 trips [0.04%], 938 stop times [0.00%], 0 stops [0.00%], 0 shapes [0.00%], 0 services [0.00%], 4 routes [0.22%], 2 agencies [3.51%], 0 transfers [0.00%], 0 pathways [0.00%], 0 levels [0.00%], 0 fare attributes [0.00%], 0 translations [0.00%] dropped due to errors. Use -W to display them.)
Parsing GTFS feed in 'pl_PKP-SKM.gtfs.zip' ... done. (113 trips [0.04%], 938 stop times [0.00%], 0 stops [0.00%], 0 shapes [0.00%], 0 services [0.00%], 4 routes [0.13%], 2 agencies [3.45%], 0 transfers [0.00%], 0 pathways [0.00%], 0 levels [0.00%], 0 fare attributes [0.00%], 0 translations [0.00%] dropped due to errors. Use -W to display them.)
Parsing GTFS feed in 'pl_PKS-Nova-Supra%C5%9Bl.gtfs.zip' ... done. (113 trips [0.04%], 938 stop times [0.00%], 0 stops [0.00%], 0 shapes [0.00%], 0 services [0.00%], 4 routes [0.13%], 2 agencies [3.39%], 0 transfers [0.00%], 0 pathways [0.00%], 0 levels [0.00%], 0 fare attributes [0.00%], 0 translations [0.00%] dropped due to errors. Use -W to display them.)
Parsing GTFS feed in 'pl_PKS-Nova.gtfs.zip' ... done. (113 trips [0.04%], 938 stop times [0.00%], 0 stops [0.00%], 0 shapes [0.00%], 0 services [0.00%], 4 routes [0.12%], 2 agencies [3.33%], 0 transfers [0.00%], 0 pathways [0.00%], 0 levels [0.00%], 0 fare attributes [0.00%], 0 translations [0.00%] dropped due to errors. Use -W to display them.)
Parsing GTFS feed in 'pl_PKS-Opoczno.gtfs.zip' ... done. (113 trips [0.04%], 938 stop times [0.00%], 0 stops [0.00%], 0 shapes [0.00%], 0 services [0.00%], 4 routes [0.12%], 2 agencies [3.28%], 0 transfers [0.00%], 0 pathways [0.00%], 0 levels [0.00%], 0 fare attributes [0.00%], 0 translations [0.00%] dropped due to errors. Use -W to display them.)
Parsing GTFS feed in 'pl_PKS-Pozna%C5%84.gtfs.zip' ... done. (113 trips [0.04%], 938 stop times [0.00%], 0 stops [0.00%], 0 shapes [0.00%], 0 services [0.00%], 4 routes [0.11%], 2 agencies [3.23%], 0 transfers [0.00%], 0 pathways [0.00%], 0 levels [0.00%], 0 fare attributes [0.00%], 0 translations [0.00%] dropped due to errors. Use -W to display them.)
Parsing GTFS feed in 'pl_Pi%C5%82a.gtfs.zip' ... done. (113 trips [0.04%], 938 stop times [0.00%], 0 stops [0.00%], 0 shapes [0.00%], 0 services [0.00%], 4 routes [0.11%], 2 agencies [3.17%], 0 transfers [0.00%], 0 pathways [0.00%], 0 levels [0.00%], 0 fare attributes [0.00%], 0 translations [0.00%] dropped due to errors. Use -W to display them.)
Parsing GTFS feed in 'pl_Piecki.gtfs.zip' ... done. (113 trips [0.04%], 938 stop times [0.00%], 0 stops [0.00%], 0 shapes [0.00%], 0 services [0.00%], 4 routes [0.11%], 2 agencies [3.12%], 0 transfers [0.00%], 0 pathways [0.00%], 0 levels [0.00%], 0 fare attributes [0.00%], 0 translations [0.00%] dropped due to errors. Use -W to display them.)
Parsing GTFS feed in 'pl_Plusbus.gtfs.zip' ... done. (113 trips [0.04%], 938 stop times [0.00%], 0 stops [0.00%], 0 shapes [0.00%], 0 services [0.00%], 4 routes [0.11%], 2 agencies [3.08%], 0 transfers [0.00%], 0 pathways [0.00%], 0 levels [0.00%], 0 fare attributes [0.00%], 0 translations [0.00%] dropped due to errors. Use -W to display them.)
Parsing GTFS feed in 'pl_PolRegio.gtfs.zip' ... done. (113 trips [0.04%], 938 stop times [0.00%], 0 stops [0.00%], 0 shapes [0.00%], 0 services [0.00%], 4 routes [0.11%], 2 agencies [3.03%], 0 transfers [0.00%], 0 pathways [0.00%], 0 levels [0.00%], 0 fare attributes [0.00%], 0 translations [0.00%] dropped due to errors. Use -W to display them.)
Parsing GTFS feed in 'pl_Polbus.gtfs.zip' ... done. (113 trips [0.04%], 938 stop times [0.00%], 0 stops [0.00%], 0 shapes [0.00%], 0 services [0.00%], 4 routes [0.11%], 2 agencies [2.99%], 0 transfers [0.00%], 0 pathways [0.00%], 0 levels [0.00%], 0 fare attributes [0.00%], 0 translations [0.00%] dropped due to errors. Use -W to display them.)
Parsing GTFS feed in 'pl_Powiat-%C5%9Awiecki.gtfs.zip' ... done. (113 trips [0.04%], 938 stop times [0.00%], 0 stops [0.00%], 0 shapes [0.00%], 0 services [0.00%], 4 routes [0.11%], 2 agencies [2.94%], 0 transfers [0.00%], 0 pathways [0.00%], 0 levels [0.00%], 0 fare attributes [0.00%], 0 translations [0.00%] dropped due to errors. Use -W to display them.)
Parsing GTFS feed in 'pl_Powiat-Olecki.gtfs.zip' ... done. (113 trips [0.03%], 938 stop times [0.00%], 0 stops [0.00%], 0 shapes [0.00%], 0 services [0.00%], 4 routes [0.11%], 2 agencies [2.78%], 0 transfers [0.00%], 0 pathways [0.00%], 0 levels [0.00%], 0 fare attributes [0.00%], 0 translations [0.00%] dropped due to errors. Use -W to display them.)
Parsing GTFS feed in 'pl_Powiat-Olszty%C5%84ski.gtfs.zip' ... done. (113 trips [0.03%], 938 stop times [0.00%], 0 stops [0.00%], 0 shapes [0.00%], 0 services [0.00%], 4 routes [0.11%], 2 agencies [2.63%], 0 transfers [0.00%], 0 pathways [0.00%], 0 levels [0.00%], 0 fare attributes [0.00%], 0 translations [0.00%] dropped due to errors. Use -W to display them.)
Parsing GTFS feed in 'pl_Pozna%C5%84.gtfs.zip' ... done. (113 trips [0.03%], 938 stop times [0.00%], 0 stops [0.00%], 0 shapes [0.00%], 0 services [0.00%], 4 routes [0.10%], 2 agencies [2.25%], 0 transfers [0.00%], 0 pathways [0.00%], 0 levels [0.00%], 0 fare attributes [0.00%], 0 translations [0.00%] dropped due to errors. Use -W to display them.)
Parsing GTFS feed in 'pl_Przemy%C5%9Bl.gtfs.zip' ... done. (113 trips [0.03%], 938 stop times [0.00%], 0 stops [0.00%], 0 shapes [0.00%], 0 services [0.00%], 4 routes [0.10%], 2 agencies [2.22%], 0 transfers [0.00%], 0 pathways [0.00%], 0 levels [0.00%], 0 fare attributes [0.00%], 0 translations [0.00%] dropped due to errors. Use -W to display them.)
Parsing GTFS feed in 'pl_Radom.gtfs.zip' ... done. (113 trips [0.03%], 938 stop times [0.00%], 0 stops [0.00%], 0 shapes [0.00%], 0 services [0.00%], 4 routes [0.10%], 2 agencies [2.20%], 0 transfers [0.00%], 0 pathways [0.00%], 0 levels [0.00%], 0 fare attributes [0.00%], 0 translations [0.00%] dropped due to errors. Use -W to display them.)
Parsing GTFS feed in 'pl_RegioJet.gtfs.zip' ... done. (113 trips [0.03%], 938 stop times [0.00%], 0 stops [0.00%], 0 shapes [0.00%], 0 services [0.00%], 4 routes [0.10%], 2 agencies [2.17%], 0 transfers [0.00%], 0 pathways [0.00%], 0 levels [0.00%], 0 fare attributes [0.00%], 0 translations [0.00%] dropped due to errors. Use -W to display them.)
Parsing GTFS feed in 'pl_Rybnik.gtfs.zip' ... done. (113 trips [0.03%], 938 stop times [0.00%], 0 stops [0.00%], 0 shapes [0.00%], 0 services [0.00%], 4 routes [0.10%], 2 agencies [2.15%], 0 transfers [0.00%], 0 pathways [0.00%], 0 levels [0.00%], 0 fare attributes [0.00%], 0 translations [0.00%] dropped due to errors. Use -W to display them.)
Parsing GTFS feed in 'pl_Rzesz%C3%B3w.gtfs.zip' ... done. (113 trips [0.03%], 938 stop times [0.00%], 0 stops [0.00%], 0 shapes [0.00%], 0 services [0.00%], 4 routes [0.09%], 2 agencies [2.13%], 0 transfers [0.00%], 0 pathways [0.00%], 0 levels [0.00%], 0 fare attributes [0.00%], 0 translations [0.00%] dropped due to errors. Use -W to display them.)
Parsing GTFS feed in 'pl_S%C5%82upsk.gtfs.zip' ... done. (113 trips [0.03%], 938 stop times [0.00%], 0 stops [0.00%], 0 shapes [0.00%], 0 services [0.00%], 4 routes [0.09%], 2 agencies [2.11%], 0 transfers [0.00%], 0 pathways [0.00%], 0 levels [0.00%], 0 fare attributes [0.00%], 0 translations [0.00%] dropped due to errors. Use -W to display them.)
Parsing GTFS feed in 'pl_SKM-Warszawa.gtfs.zip' ... done. (113 trips [0.03%], 938 stop times [0.00%], 0 stops [0.00%], 0 shapes [0.00%], 0 services [0.00%], 4 routes [0.09%], 2 agencies [2.08%], 0 transfers [0.00%], 0 pathways [0.00%], 0 levels [0.00%], 0 fare attributes [0.00%], 0 translations [0.00%] dropped due to errors. Use -W to display them.)
Parsing GTFS feed in 'pl_Skar%C5%BCysko-Kamienna.gtfs.zip' ... done. (113 trips [0.03%], 938 stop times [0.00%], 0 stops [0.00%], 0 shapes [0.00%], 0 services [0.00%], 4 routes [0.09%], 2 agencies [2.06%], 0 transfers [0.00%], 0 pathways [0.00%], 0 levels [0.00%], 0 fare attributes [0.00%], 0 translations [0.00%] dropped due to errors. Use -W to display them.)
Parsing GTFS feed in 'pl_Sochaczew.gtfs.zip' ... done. (113 trips [0.03%], 938 stop times [0.00%], 0 stops [0.00%], 0 shapes [0.00%], 0 services [0.00%], 4 routes [0.09%], 2 agencies [2.04%], 0 transfers [0.00%], 0 pathways [0.00%], 0 levels [0.00%], 0 fare attributes [0.00%], 0 translations [0.00%] dropped due to errors. Use -W to display them.)
Parsing GTFS feed in 'pl_Suchowola.gtfs.zip' ... done. (113 trips [0.03%], 938 stop times [0.00%], 0 stops [0.00%], 0 shapes [0.00%], 0 services [0.00%], 4 routes [0.09%], 2 agencies [2.02%], 0 transfers [0.00%], 0 pathways [0.00%], 0 levels [0.00%], 0 fare attributes [0.00%], 0 translations [0.00%] dropped due to errors. Use -W to display them.)
Parsing GTFS feed in 'pl_Suwa%C5%82ki.gtfs.zip' ... done. (113 trips [0.03%], 938 stop times [0.00%], 0 stops [0.00%], 0 shapes [0.00%], 0 services [0.00%], 4 routes [0.09%], 2 agencies [2.00%], 0 transfers [0.00%], 0 pathways [0.00%], 0 levels [0.00%], 0 fare attributes [0.00%], 0 translations [0.00%] dropped due to errors. Use -W to display them.)
Parsing GTFS feed in 'pl_Szczecin.gtfs.zip' ... done. (113 trips [0.03%], 938 stop times [0.00%], 0 stops [0.00%], 0 shapes [0.00%], 0 services [0.00%], 4 routes [0.09%], 2 agencies [1.98%], 0 transfers [0.00%], 0 pathways [0.00%], 0 levels [0.00%], 0 fare attributes [0.00%], 0 translations [0.00%] dropped due to errors. Use -W to display them.)
Parsing GTFS feed in 'pl_Tczew.gtfs.zip' ... done. (113 trips [0.03%], 938 stop times [0.00%], 0 stops [0.00%], 0 shapes [0.00%], 0 services [0.00%], 4 routes [0.09%], 2 agencies [1.96%], 0 transfers [0.00%], 0 pathways [0.00%], 0 levels [0.00%], 0 fare attributes [0.00%], 0 translations [0.00%] dropped due to errors. Use -W to display them.)
Parsing GTFS feed in 'pl_Toru%C5%84.gtfs.zip' ... done. (113 trips [0.03%], 938 stop times [0.00%], 0 stops [0.00%], 0 shapes [0.00%], 0 services [0.00%], 4 routes [0.09%], 2 agencies [1.94%], 0 transfers [0.00%], 0 pathways [0.00%], 0 levels [0.00%], 0 fare attributes [0.00%], 0 translations [0.00%] dropped due to errors. Use -W to display them.)
Parsing GTFS feed in 'pl_TransportGZM.gtfs.zip' ... done. (113 trips [0.02%], 938 stop times [0.00%], 0 stops [0.00%], 0 shapes [0.00%], 0 services [0.00%], 4 routes [0.05%], 2 agencies [1.92%], 0 transfers [0.00%], 0 pathways [0.00%], 0 levels [0.00%], 0 fare attributes [0.00%], 0 translations [0.00%] dropped due to errors. Use -W to display them.)
Parsing GTFS feed in 'pl_Tribus.gtfs.zip' ... done. (113 trips [0.02%], 938 stop times [0.00%], 0 stops [0.00%], 0 shapes [0.00%], 0 services [0.00%], 4 routes [0.05%], 2 agencies [1.90%], 0 transfers [0.00%], 0 pathways [0.00%], 0 levels [0.00%], 0 fare attributes [0.00%], 0 translations [0.00%] dropped due to errors. Use -W to display them.)
Parsing GTFS feed in 'pl_Turo%C5%9B%C5%84-Ko%C5%9Bcielna.gtfs.zip' ... done. (113 trips [0.02%], 938 stop times [0.00%], 0 stops [0.00%], 0 shapes [0.00%], 0 services [0.00%], 4 routes [0.05%], 2 agencies [1.89%], 0 transfers [0.00%], 0 pathways [0.00%], 0 levels [0.00%], 0 fare attributes [0.00%], 0 translations [0.00%] dropped due to errors. Use -W to display them.)
Parsing GTFS feed in 'pl_Warsaw-Ferries.gtfs.zip' ... done. (113 trips [0.02%], 938 stop times [0.00%], 0 stops [0.00%], 0 shapes [0.00%], 0 services [0.00%], 4 routes [0.05%], 2 agencies [1.85%], 0 transfers [0.00%], 0 pathways [0.00%], 0 levels [0.00%], 0 fare attributes [0.00%], 0 translations [0.00%] dropped due to errors. Use -W to display them.)
Parsing GTFS feed in 'pl_Warszawa.gtfs.zip' ... done. (113 trips [0.02%], 938 stop times [0.00%], 0 stops [0.00%], 0 shapes [0.00%], 0 services [0.00%], 4 routes [0.05%], 2 agencies [1.83%], 0 transfers [0.00%], 0 pathways [0.00%], 0 levels [0.00%], 0 fare attributes [0.00%], 0 translations [0.00%] dropped due to errors. Use -W to display them.)
Parsing GTFS feed in 'pl_Warszawska-Kolej-Dojazdowa.gtfs.zip' ... done. (113 trips [0.02%], 938 stop times [0.00%], 0 stops [0.00%], 0 shapes [0.00%], 0 services [0.00%], 4 routes [0.05%], 2 agencies [1.82%], 0 transfers [0.00%], 0 pathways [0.00%], 0 levels [0.00%], 0 fare attributes [0.00%], 0 translations [0.00%] dropped due to errors. Use -W to display them.)
Parsing GTFS feed in 'pl_Wejherowo.gtfs.zip' ... done. (113 trips [0.02%], 938 stop times [0.00%], 0 stops [0.00%], 0 shapes [0.00%], 0 services [0.00%], 4 routes [0.05%], 2 agencies [1.80%], 0 transfers [0.00%], 0 pathways [0.00%], 0 levels [0.00%], 0 fare attributes [0.00%], 0 translations [0.00%] dropped due to errors. Use -W to display them.)
Parsing GTFS feed in 'pl_Wsch%C3%B3d-Express.gtfs.zip' ... done. (113 trips [0.02%], 938 stop times [0.00%], 0 stops [0.00%], 0 shapes [0.00%], 0 services [0.00%], 4 routes [0.05%], 2 agencies [1.72%], 0 transfers [0.00%], 0 pathways [0.00%], 0 levels [0.00%], 0 fare attributes [0.00%], 0 translations [0.00%] dropped due to errors. Use -W to display them.)
Parsing GTFS feed in 'pl_Z%C4%85bki.gtfs.zip' ... done. (113 trips [0.02%], 938 stop times [0.00%], 0 stops [0.00%], 0 shapes [0.00%], 0 services [0.00%], 4 routes [0.05%], 2 agencies [1.71%], 0 transfers [0.00%], 0 pathways [0.00%], 0 levels [0.00%], 0 fare attributes [0.00%], 0 translations [0.00%] dropped due to errors. Use -W to display them.)
Parsing GTFS feed in 'pl_ZTP-Krak%C3%B3w-A.gtfs.zip' ... done. (113 trips [0.02%], 938 stop times [0.00%], 0 stops [0.00%], 0 shapes [0.00%], 0 services [0.00%], 4 routes [0.05%], 2 agencies [1.69%], 0 transfers [0.00%], 0 pathways [0.00%], 0 levels [0.00%], 0 fare attributes [0.00%], 0 translations [0.00%] dropped due to errors. Use -W to display them.)
Parsing GTFS feed in 'pl_ZTP-Krak%C3%B3w-M.gtfs.zip' ... done. (113 trips [0.02%], 938 stop times [0.00%], 0 stops [0.00%], 0 shapes [0.00%], 0 services [0.00%], 4 routes [0.05%], 2 agencies [1.68%], 0 transfers [0.00%], 0 pathways [0.00%], 0 levels [0.00%], 0 fare attributes [0.00%], 0 translations [0.00%] dropped due to errors. Use -W to display them.)
Parsing GTFS feed in 'pl_ZTP-Krak%C3%B3w-T.gtfs.zip' ... done. (113 trips [0.02%], 938 stop times [0.00%], 0 stops [0.00%], 0 shapes [0.00%], 0 services [0.00%], 4 routes [0.05%], 2 agencies [1.67%], 0 transfers [0.00%], 0 pathways [0.00%], 0 levels [0.00%], 0 fare attributes [0.00%], 0 translations [0.00%] dropped due to errors. Use -W to display them.)
Removing unreferenced entries... done. (-44 trips [-0.01%], -105 stops [-0.12%], -0 shapes [-0.00%], -20 services [-0.82%], -0 routes [-0.00%], -0 agencies [-0.00%], -0 transfers [-0.00%])
Removing redundant agencies... done. (-7 agencies [-5.93%])
Removing redundant stops... done. (-1064 stops [-1.20%])
Reclustering stops... done. (-6954 clusters) [-14.44%]
Removing redundant routes... done. (-4199 routes [-48.79%])
Removing service duplicates... done. (-1014 services [-42.02%])
Minimizing services... done. (-25098 calendar_dates.txt entries [-90.33%], +846 calendar.txt entries [+159.02%])
Removing redundant trips... done. (-118897 trips [-17.84%])
Removing unreferenced entries... done. (-0 trips [-0.00%], -0 stops [-0.00%], -0 shapes [-0.00%], -34515 services [-50.45%], -0 routes [-0.00%], -0 agencies [-0.00%], -0 transfers [-0.00%])
Removing service duplicates... done. (-32309 services [-95.29%])
Minimizing services... done. (-573 calendar_dates.txt entries [-16.27%], +4 calendar.txt entries [+0.25%])
Adding parent stations to all stops... done. (+19730 stations)
Encoding stop_ids via parent_station ids ... done.
Outputting GTFS feed to 'gtfs_poland_clean.zip'... done.
